2020-06-26 11:32:27,963 INFO org.springframework.data.repository.config.RepositoryConfigurationDelegate [main] Bootstrapping Spring Data repositories in DEFAULT mode.
2020-06-26 11:32:28,249 INFO org.springframework.data.repository.config.RepositoryConfigurationDelegate [main] Finished Spring Data repository scanning in 274ms. Found 35 repository interfaces.
2020-06-26 11:32:29,011 INFO com.zaxxer.hikari.HikariDataSource [main] HikariPool-1 - Starting...
2020-06-26 11:32:29,235 INFO com.zaxxer.hikari.HikariDataSource [main] HikariPool-1 - Start completed.
2020-06-26 11:32:29,412 INFO org.hibernate.jpa.internal.util.LogHelper [main] HHH000204: Processing PersistenceUnitInfo [
	name: default
	...]
2020-06-26 11:32:29,535 INFO org.hibernate.Version [main] HHH000412: Hibernate Core {5.3.10.Final}
2020-06-26 11:32:29,544 INFO org.hibernate.cfg.Environment [main] HHH000206: hibernate.properties not found
2020-06-26 11:32:29,723 INFO org.hibernate.annotations.common.reflection.java.JavaReflectionManager [main] HCANN000001: Hibernate Commons Annotations {5.0.4.Final}
2020-06-26 11:32:30,499 INFO org.hibernate.dialect.Dialect [main] HHH000400: Using dialect: org.hibernate.dialect.MySQL57Dialect
2020-06-26 11:32:30,780 WARN org.hibernate.boot.internal.InFlightMetadataCollectorImpl [main] HHH000069: Duplicate generator name dwara_seq_generator
2020-06-26 11:32:30,783 WARN org.hibernate.boot.internal.InFlightMetadataCollectorImpl [main] HHH000069: Duplicate generator name dwara_seq_generator
2020-06-26 11:32:30,786 WARN org.hibernate.boot.internal.InFlightMetadataCollectorImpl [main] HHH000069: Duplicate generator name dwara_seq_generator
2020-06-26 11:32:30,790 WARN org.hibernate.boot.internal.InFlightMetadataCollectorImpl [main] HHH000069: Duplicate generator name dwara_seq_generator
2020-06-26 11:32:30,838 WARN org.hibernate.type.descriptor.java.JavaTypeDescriptorRegistry [main] HHH000481: Encountered Java type [class org.ishafoundation.dwaraapi.db.model.master.configuration.json.DeviceDetails] for which we could not locate a JavaTypeDescriptor and which does not appear to implement equals and/or hashCode.  This can lead to significant performance problems when performing equality/dirty checking involving this Java type.  Consider registering a custom JavaTypeDescriptor or at least implementing equals/hashCode.
2020-06-26 11:32:30,862 WARN org.hibernate.type.descriptor.java.JavaTypeDescriptorRegistry [main] HHH000481: Encountered Java type [class org.ishafoundation.dwaraapi.db.model.transactional.json.RequestDetails] for which we could not locate a JavaTypeDescriptor and which does not appear to implement equals and/or hashCode.  This can lead to significant performance problems when performing equality/dirty checking involving this Java type.  Consider registering a custom JavaTypeDescriptor or at least implementing equals/hashCode.
2020-06-26 11:32:30,865 WARN org.hibernate.type.descriptor.java.JavaTypeDescriptorRegistry [main] HHH000481: Encountered Java type [class org.ishafoundation.dwaraapi.db.model.transactional.json.VolumeDetails] for which we could not locate a JavaTypeDescriptor and which does not appear to implement equals and/or hashCode.  This can lead to significant performance problems when performing equality/dirty checking involving this Java type.  Consider registering a custom JavaTypeDescriptor or at least implementing equals/hashCode.
2020-06-26 11:32:32,750 INFO org.springframework.orm.jpa.AbstractEntityManagerFactoryBean [main] Initialized JPA EntityManagerFactory for persistence unit 'default'
2020-06-26 11:32:33,621 INFO org.hibernate.hql.internal.QueryTranslatorFactoryInitiator [main] HHH000397: Using ASTQueryTranslatorFactory
2020-06-26 11:32:34,974 INFO org.springframework.boot.autoconfigure.security.servlet.UserDetailsServiceAutoConfiguration [main] 

Using generated security password: eb617a55-63aa-434c-b8fb-ec0aa72529be

2020-06-26 11:32:35,214 INFO org.springframework.security.web.DefaultSecurityFilterChain [main] Creating filter chain: any request, [org.springframework.security.web.context.request.async.WebAsyncManagerIntegrationFilter@5f4e389a, org.springframework.security.web.context.SecurityContextPersistenceFilter@e97f51c, org.springframework.security.web.header.HeaderWriterFilter@4e614370, org.springframework.security.web.csrf.CsrfFilter@6ed7b9c5, org.springframework.security.web.authentication.logout.LogoutFilter@7a0d2c80, org.springframework.security.web.authentication.UsernamePasswordAuthenticationFilter@23263ba, org.springframework.security.web.authentication.ui.DefaultLoginPageGeneratingFilter@197cc325, org.springframework.security.web.authentication.ui.DefaultLogoutPageGeneratingFilter@3ba1f56e, org.springframework.security.web.authentication.www.BasicAuthenticationFilter@903c13, org.springframework.security.web.savedrequest.RequestCacheAwareFilter@343727b5, org.springframework.security.web.servletapi.SecurityContextHolderAwareRequestFilter@4c91a008, org.springframework.security.web.authentication.AnonymousAuthenticationFilter@56a9b662, org.springframework.security.web.session.SessionManagementFilter@6da9541c, org.springframework.security.web.access.ExceptionTranslationFilter@2fcffc05, org.springframework.security.web.access.intercept.FilterSecurityInterceptor@1cfd6f63]
2020-06-26 11:32:35,834 INFO org.springframework.orm.jpa.AbstractEntityManagerFactoryBean [Thread-2] Closing JPA EntityManagerFactory for persistence unit 'default'
2020-06-26 11:32:35,837 INFO com.zaxxer.hikari.HikariDataSource [Thread-2] HikariPool-1 - Shutdown initiated...
2020-06-26 11:32:35,856 INFO com.zaxxer.hikari.HikariDataSource [Thread-2] HikariPool-1 - Shutdown completed.
2020-06-26 12:39:46,980 INFO org.springframework.data.repository.config.RepositoryConfigurationDelegate [main] Bootstrapping Spring Data repositories in DEFAULT mode.
2020-06-26 12:39:47,199 INFO org.springframework.data.repository.config.RepositoryConfigurationDelegate [main] Finished Spring Data repository scanning in 219ms. Found 35 repository interfaces.
2020-06-26 12:39:47,840 INFO com.zaxxer.hikari.HikariDataSource [main] HikariPool-1 - Starting...
2020-06-26 12:39:48,020 INFO com.zaxxer.hikari.HikariDataSource [main] HikariPool-1 - Start completed.
2020-06-26 12:39:48,131 INFO org.hibernate.jpa.internal.util.LogHelper [main] HHH000204: Processing PersistenceUnitInfo [
	name: default
	...]
2020-06-26 12:39:48,215 INFO org.hibernate.Version [main] HHH000412: Hibernate Core {5.3.10.Final}
2020-06-26 12:39:48,217 INFO org.hibernate.cfg.Environment [main] HHH000206: hibernate.properties not found
2020-06-26 12:39:48,372 INFO org.hibernate.annotations.common.reflection.java.JavaReflectionManager [main] HCANN000001: Hibernate Commons Annotations {5.0.4.Final}
2020-06-26 12:39:48,929 INFO org.hibernate.dialect.Dialect [main] HHH000400: Using dialect: org.hibernate.dialect.MySQL57Dialect
2020-06-26 12:39:49,175 WARN org.hibernate.boot.internal.InFlightMetadataCollectorImpl [main] HHH000069: Duplicate generator name dwara_seq_generator
2020-06-26 12:39:49,175 WARN org.hibernate.boot.internal.InFlightMetadataCollectorImpl [main] HHH000069: Duplicate generator name dwara_seq_generator
2020-06-26 12:39:49,190 WARN org.hibernate.boot.internal.InFlightMetadataCollectorImpl [main] HHH000069: Duplicate generator name dwara_seq_generator
2020-06-26 12:39:49,190 WARN org.hibernate.boot.internal.InFlightMetadataCollectorImpl [main] HHH000069: Duplicate generator name dwara_seq_generator
2020-06-26 12:39:49,253 WARN org.hibernate.type.descriptor.java.JavaTypeDescriptorRegistry [main] HHH000481: Encountered Java type [class org.ishafoundation.dwaraapi.db.model.master.configuration.json.DeviceDetails] for which we could not locate a JavaTypeDescriptor and which does not appear to implement equals and/or hashCode.  This can lead to significant performance problems when performing equality/dirty checking involving this Java type.  Consider registering a custom JavaTypeDescriptor or at least implementing equals/hashCode.
2020-06-26 12:39:49,268 WARN org.hibernate.type.descriptor.java.JavaTypeDescriptorRegistry [main] HHH000481: Encountered Java type [class org.ishafoundation.dwaraapi.db.model.transactional.json.RequestDetails] for which we could not locate a JavaTypeDescriptor and which does not appear to implement equals and/or hashCode.  This can lead to significant performance problems when performing equality/dirty checking involving this Java type.  Consider registering a custom JavaTypeDescriptor or at least implementing equals/hashCode.
2020-06-26 12:39:49,268 WARN org.hibernate.type.descriptor.java.JavaTypeDescriptorRegistry [main] HHH000481: Encountered Java type [class org.ishafoundation.dwaraapi.db.model.transactional.json.VolumeDetails] for which we could not locate a JavaTypeDescriptor and which does not appear to implement equals and/or hashCode.  This can lead to significant performance problems when performing equality/dirty checking involving this Java type.  Consider registering a custom JavaTypeDescriptor or at least implementing equals/hashCode.
2020-06-26 12:39:50,315 INFO org.springframework.orm.jpa.AbstractEntityManagerFactoryBean [main] Initialized JPA EntityManagerFactory for persistence unit 'default'
2020-06-26 12:39:51,018 INFO org.hibernate.hql.internal.QueryTranslatorFactoryInitiator [main] HHH000397: Using ASTQueryTranslatorFactory
2020-06-26 12:39:52,096 INFO org.springframework.boot.autoconfigure.security.servlet.UserDetailsServiceAutoConfiguration [main] 

Using generated security password: ab854271-68f5-472e-be24-890fd5c7b120

2020-06-26 12:39:52,352 INFO org.springframework.security.web.DefaultSecurityFilterChain [main] Creating filter chain: any request, [org.springframework.security.web.context.request.async.WebAsyncManagerIntegrationFilter@7bde704a, org.springframework.security.web.context.SecurityContextPersistenceFilter@7c4a03a, org.springframework.security.web.header.HeaderWriterFilter@18dafd3b, org.springframework.security.web.csrf.CsrfFilter@65b680b4, org.springframework.security.web.authentication.logout.LogoutFilter@5cf33d25, org.springframework.security.web.authentication.UsernamePasswordAuthenticationFilter@4ae5ddc0, org.springframework.security.web.authentication.ui.DefaultLoginPageGeneratingFilter@46b2a11a, org.springframework.security.web.authentication.ui.DefaultLogoutPageGeneratingFilter@12f3fcd, org.springframework.security.web.authentication.www.BasicAuthenticationFilter@59ac77f9, org.springframework.security.web.savedrequest.RequestCacheAwareFilter@3691d4da, org.springframework.security.web.servletapi.SecurityContextHolderAwareRequestFilter@7a0d2c80, org.springframework.security.web.authentication.AnonymousAuthenticationFilter@6dc2e473, org.springframework.security.web.session.SessionManagementFilter@4a45ca1c, org.springframework.security.web.access.ExceptionTranslationFilter@e97f51c, org.springframework.security.web.access.intercept.FilterSecurityInterceptor@389bc2d3]
2020-06-26 12:39:52,764 INFO org.springframework.orm.jpa.AbstractEntityManagerFactoryBean [Thread-2] Closing JPA EntityManagerFactory for persistence unit 'default'
2020-06-26 12:39:52,766 INFO com.zaxxer.hikari.HikariDataSource [Thread-2] HikariPool-1 - Shutdown initiated...
2020-06-26 12:39:52,780 INFO com.zaxxer.hikari.HikariDataSource [Thread-2] HikariPool-1 - Shutdown completed.
2020-06-26 12:41:22,063 INFO org.springframework.data.repository.config.RepositoryConfigurationDelegate [main] Bootstrapping Spring Data repositories in DEFAULT mode.
2020-06-26 12:41:22,414 INFO org.springframework.data.repository.config.RepositoryConfigurationDelegate [main] Finished Spring Data repository scanning in 334ms. Found 35 repository interfaces.
2020-06-26 12:41:23,229 INFO com.zaxxer.hikari.HikariDataSource [main] HikariPool-1 - Starting...
2020-06-26 12:41:23,467 INFO com.zaxxer.hikari.HikariDataSource [main] HikariPool-1 - Start completed.
2020-06-26 12:41:23,623 INFO org.hibernate.jpa.internal.util.LogHelper [main] HHH000204: Processing PersistenceUnitInfo [
	name: default
	...]
2020-06-26 12:41:23,748 INFO org.hibernate.Version [main] HHH000412: Hibernate Core {5.3.10.Final}
2020-06-26 12:41:23,748 INFO org.hibernate.cfg.Environment [main] HHH000206: hibernate.properties not found
2020-06-26 12:41:24,045 INFO org.hibernate.annotations.common.reflection.java.JavaReflectionManager [main] HCANN000001: Hibernate Commons Annotations {5.0.4.Final}
2020-06-26 12:41:24,576 INFO org.hibernate.dialect.Dialect [main] HHH000400: Using dialect: org.hibernate.dialect.MySQL57Dialect
2020-06-26 12:41:24,898 WARN org.hibernate.boot.internal.InFlightMetadataCollectorImpl [main] HHH000069: Duplicate generator name dwara_seq_generator
2020-06-26 12:41:24,898 WARN org.hibernate.boot.internal.InFlightMetadataCollectorImpl [main] HHH000069: Duplicate generator name dwara_seq_generator
2020-06-26 12:41:24,898 WARN org.hibernate.boot.internal.InFlightMetadataCollectorImpl [main] HHH000069: Duplicate generator name dwara_seq_generator
2020-06-26 12:41:24,914 WARN org.hibernate.boot.internal.InFlightMetadataCollectorImpl [main] HHH000069: Duplicate generator name dwara_seq_generator
2020-06-26 12:41:24,961 WARN org.hibernate.type.descriptor.java.JavaTypeDescriptorRegistry [main] HHH000481: Encountered Java type [class org.ishafoundation.dwaraapi.db.model.master.configuration.json.DeviceDetails] for which we could not locate a JavaTypeDescriptor and which does not appear to implement equals and/or hashCode.  This can lead to significant performance problems when performing equality/dirty checking involving this Java type.  Consider registering a custom JavaTypeDescriptor or at least implementing equals/hashCode.
2020-06-26 12:41:24,976 WARN org.hibernate.type.descriptor.java.JavaTypeDescriptorRegistry [main] HHH000481: Encountered Java type [class org.ishafoundation.dwaraapi.db.model.transactional.json.RequestDetails] for which we could not locate a JavaTypeDescriptor and which does not appear to implement equals and/or hashCode.  This can lead to significant performance problems when performing equality/dirty checking involving this Java type.  Consider registering a custom JavaTypeDescriptor or at least implementing equals/hashCode.
2020-06-26 12:41:24,992 WARN org.hibernate.type.descriptor.java.JavaTypeDescriptorRegistry [main] HHH000481: Encountered Java type [class org.ishafoundation.dwaraapi.db.model.transactional.json.VolumeDetails] for which we could not locate a JavaTypeDescriptor and which does not appear to implement equals and/or hashCode.  This can lead to significant performance problems when performing equality/dirty checking involving this Java type.  Consider registering a custom JavaTypeDescriptor or at least implementing equals/hashCode.
2020-06-26 12:41:26,195 INFO org.springframework.orm.jpa.AbstractEntityManagerFactoryBean [main] Initialized JPA EntityManagerFactory for persistence unit 'default'
2020-06-26 12:41:27,020 INFO org.hibernate.hql.internal.QueryTranslatorFactoryInitiator [main] HHH000397: Using ASTQueryTranslatorFactory
2020-06-26 12:41:28,300 INFO org.springframework.boot.autoconfigure.security.servlet.UserDetailsServiceAutoConfiguration [main] 

Using generated security password: 9e06ad36-6284-4d46-83fb-384789c10e42

2020-06-26 12:41:28,733 INFO org.springframework.security.web.DefaultSecurityFilterChain [main] Creating filter chain: any request, [org.springframework.security.web.context.request.async.WebAsyncManagerIntegrationFilter@2e549515, org.springframework.security.web.context.SecurityContextPersistenceFilter@475fb7, org.springframework.security.web.header.HeaderWriterFilter@2403c1c5, org.springframework.security.web.csrf.CsrfFilter@481b8d53, org.springframework.security.web.authentication.logout.LogoutFilter@5b2c9a69, org.springframework.security.web.authentication.UsernamePasswordAuthenticationFilter@7927209f, org.springframework.security.web.authentication.ui.DefaultLoginPageGeneratingFilter@73f6ffb1, org.springframework.security.web.authentication.ui.DefaultLogoutPageGeneratingFilter@2c34ce24, org.springframework.security.web.authentication.www.BasicAuthenticationFilter@225b460a, org.springframework.security.web.savedrequest.RequestCacheAwareFilter@5367d46f, org.springframework.security.web.servletapi.SecurityContextHolderAwareRequestFilter@32c114d9, org.springframework.security.web.authentication.AnonymousAuthenticationFilter@58f8ce0f, org.springframework.security.web.session.SessionManagementFilter@628e0403, org.springframework.security.web.access.ExceptionTranslationFilter@3f7aa4f8, org.springframework.security.web.access.intercept.FilterSecurityInterceptor@1c0ec502]
2020-06-26 12:46:03,420 INFO org.springframework.orm.jpa.AbstractEntityManagerFactoryBean [Thread-2] Closing JPA EntityManagerFactory for persistence unit 'default'
2020-06-26 12:46:03,437 INFO com.zaxxer.hikari.HikariDataSource [Thread-2] HikariPool-1 - Shutdown initiated...
2020-06-26 12:46:03,437 INFO com.zaxxer.hikari.HikariDataSource [Thread-2] HikariPool-1 - Shutdown completed.
2020-06-26 12:46:19,948 INFO org.springframework.data.repository.config.RepositoryConfigurationDelegate [main] Bootstrapping Spring Data repositories in DEFAULT mode.
2020-06-26 12:46:20,167 INFO org.springframework.data.repository.config.RepositoryConfigurationDelegate [main] Finished Spring Data repository scanning in 219ms. Found 35 repository interfaces.
2020-06-26 12:46:20,776 INFO com.zaxxer.hikari.HikariDataSource [main] HikariPool-1 - Starting...
2020-06-26 12:46:20,933 INFO com.zaxxer.hikari.HikariDataSource [main] HikariPool-1 - Start completed.
2020-06-26 12:46:21,042 INFO org.hibernate.jpa.internal.util.LogHelper [main] HHH000204: Processing PersistenceUnitInfo [
	name: default
	...]
2020-06-26 12:46:21,152 INFO org.hibernate.Version [main] HHH000412: Hibernate Core {5.3.10.Final}
2020-06-26 12:46:21,152 INFO org.hibernate.cfg.Environment [main] HHH000206: hibernate.properties not found
2020-06-26 12:46:21,292 INFO org.hibernate.annotations.common.reflection.java.JavaReflectionManager [main] HCANN000001: Hibernate Commons Annotations {5.0.4.Final}
2020-06-26 12:46:21,854 INFO org.hibernate.dialect.Dialect [main] HHH000400: Using dialect: org.hibernate.dialect.MySQL57Dialect
2020-06-26 12:46:22,114 WARN org.hibernate.boot.internal.InFlightMetadataCollectorImpl [main] HHH000069: Duplicate generator name dwara_seq_generator
2020-06-26 12:46:22,114 WARN org.hibernate.boot.internal.InFlightMetadataCollectorImpl [main] HHH000069: Duplicate generator name dwara_seq_generator
2020-06-26 12:46:22,114 WARN org.hibernate.boot.internal.InFlightMetadataCollectorImpl [main] HHH000069: Duplicate generator name dwara_seq_generator
2020-06-26 12:46:22,114 WARN org.hibernate.boot.internal.InFlightMetadataCollectorImpl [main] HHH000069: Duplicate generator name dwara_seq_generator
2020-06-26 12:46:22,160 WARN org.hibernate.type.descriptor.java.JavaTypeDescriptorRegistry [main] HHH000481: Encountered Java type [class org.ishafoundation.dwaraapi.db.model.master.configuration.json.DeviceDetails] for which we could not locate a JavaTypeDescriptor and which does not appear to implement equals and/or hashCode.  This can lead to significant performance problems when performing equality/dirty checking involving this Java type.  Consider registering a custom JavaTypeDescriptor or at least implementing equals/hashCode.
2020-06-26 12:46:22,176 WARN org.hibernate.type.descriptor.java.JavaTypeDescriptorRegistry [main] HHH000481: Encountered Java type [class org.ishafoundation.dwaraapi.db.model.transactional.json.RequestDetails] for which we could not locate a JavaTypeDescriptor and which does not appear to implement equals and/or hashCode.  This can lead to significant performance problems when performing equality/dirty checking involving this Java type.  Consider registering a custom JavaTypeDescriptor or at least implementing equals/hashCode.
2020-06-26 12:46:22,192 WARN org.hibernate.type.descriptor.java.JavaTypeDescriptorRegistry [main] HHH000481: Encountered Java type [class org.ishafoundation.dwaraapi.db.model.transactional.json.VolumeDetails] for which we could not locate a JavaTypeDescriptor and which does not appear to implement equals and/or hashCode.  This can lead to significant performance problems when performing equality/dirty checking involving this Java type.  Consider registering a custom JavaTypeDescriptor or at least implementing equals/hashCode.
2020-06-26 12:46:23,160 INFO org.springframework.orm.jpa.AbstractEntityManagerFactoryBean [main] Initialized JPA EntityManagerFactory for persistence unit 'default'
2020-06-26 12:46:23,825 INFO org.hibernate.hql.internal.QueryTranslatorFactoryInitiator [main] HHH000397: Using ASTQueryTranslatorFactory
2020-06-26 12:46:24,820 INFO org.springframework.boot.autoconfigure.security.servlet.UserDetailsServiceAutoConfiguration [main] 

Using generated security password: e59569aa-fc4b-4e87-ba01-f26d5abbc06c

2020-06-26 12:46:25,063 INFO org.springframework.security.web.DefaultSecurityFilterChain [main] Creating filter chain: any request, [org.springframework.security.web.context.request.async.WebAsyncManagerIntegrationFilter@5f4e389a, org.springframework.security.web.context.SecurityContextPersistenceFilter@e97f51c, org.springframework.security.web.header.HeaderWriterFilter@4e614370, org.springframework.security.web.csrf.CsrfFilter@6ed7b9c5, org.springframework.security.web.authentication.logout.LogoutFilter@7a0d2c80, org.springframework.security.web.authentication.UsernamePasswordAuthenticationFilter@23263ba, org.springframework.security.web.authentication.ui.DefaultLoginPageGeneratingFilter@197cc325, org.springframework.security.web.authentication.ui.DefaultLogoutPageGeneratingFilter@3ba1f56e, org.springframework.security.web.authentication.www.BasicAuthenticationFilter@903c13, org.springframework.security.web.savedrequest.RequestCacheAwareFilter@343727b5, org.springframework.security.web.servletapi.SecurityContextHolderAwareRequestFilter@4c91a008, org.springframework.security.web.authentication.AnonymousAuthenticationFilter@56a9b662, org.springframework.security.web.session.SessionManagementFilter@6da9541c, org.springframework.security.web.access.ExceptionTranslationFilter@2fcffc05, org.springframework.security.web.access.intercept.FilterSecurityInterceptor@1cfd6f63]
2020-06-26 12:46:45,528 INFO org.springframework.orm.jpa.AbstractEntityManagerFactoryBean [Thread-2] Closing JPA EntityManagerFactory for persistence unit 'default'
2020-06-26 12:46:45,536 INFO com.zaxxer.hikari.HikariDataSource [Thread-2] HikariPool-1 - Shutdown initiated...
2020-06-26 12:46:45,537 INFO com.zaxxer.hikari.HikariDataSource [Thread-2] HikariPool-1 - Shutdown completed.
2020-06-26 12:47:36,590 INFO org.springframework.data.repository.config.RepositoryConfigurationDelegate [main] Bootstrapping Spring Data repositories in DEFAULT mode.
2020-06-26 12:47:36,905 INFO org.springframework.data.repository.config.RepositoryConfigurationDelegate [main] Finished Spring Data repository scanning in 297ms. Found 35 repository interfaces.
2020-06-26 12:47:37,779 INFO com.zaxxer.hikari.HikariDataSource [main] HikariPool-1 - Starting...
2020-06-26 12:47:37,990 INFO com.zaxxer.hikari.HikariDataSource [main] HikariPool-1 - Start completed.
2020-06-26 12:47:38,146 INFO org.hibernate.jpa.internal.util.LogHelper [main] HHH000204: Processing PersistenceUnitInfo [
	name: default
	...]
2020-06-26 12:47:38,271 INFO org.hibernate.Version [main] HHH000412: Hibernate Core {5.3.10.Final}
2020-06-26 12:47:38,271 INFO org.hibernate.cfg.Environment [main] HHH000206: hibernate.properties not found
2020-06-26 12:47:38,568 INFO org.hibernate.annotations.common.reflection.java.JavaReflectionManager [main] HCANN000001: Hibernate Commons Annotations {5.0.4.Final}
2020-06-26 12:47:39,130 INFO org.hibernate.dialect.Dialect [main] HHH000400: Using dialect: org.hibernate.dialect.MySQL57Dialect
2020-06-26 12:47:39,441 WARN org.hibernate.boot.internal.InFlightMetadataCollectorImpl [main] HHH000069: Duplicate generator name dwara_seq_generator
2020-06-26 12:47:39,441 WARN org.hibernate.boot.internal.InFlightMetadataCollectorImpl [main] HHH000069: Duplicate generator name dwara_seq_generator
2020-06-26 12:47:39,441 WARN org.hibernate.boot.internal.InFlightMetadataCollectorImpl [main] HHH000069: Duplicate generator name dwara_seq_generator
2020-06-26 12:47:39,441 WARN org.hibernate.boot.internal.InFlightMetadataCollectorImpl [main] HHH000069: Duplicate generator name dwara_seq_generator
2020-06-26 12:47:39,504 WARN org.hibernate.type.descriptor.java.JavaTypeDescriptorRegistry [main] HHH000481: Encountered Java type [class org.ishafoundation.dwaraapi.db.model.master.configuration.json.DeviceDetails] for which we could not locate a JavaTypeDescriptor and which does not appear to implement equals and/or hashCode.  This can lead to significant performance problems when performing equality/dirty checking involving this Java type.  Consider registering a custom JavaTypeDescriptor or at least implementing equals/hashCode.
2020-06-26 12:47:39,520 WARN org.hibernate.type.descriptor.java.JavaTypeDescriptorRegistry [main] HHH000481: Encountered Java type [class org.ishafoundation.dwaraapi.db.model.transactional.json.RequestDetails] for which we could not locate a JavaTypeDescriptor and which does not appear to implement equals and/or hashCode.  This can lead to significant performance problems when performing equality/dirty checking involving this Java type.  Consider registering a custom JavaTypeDescriptor or at least implementing equals/hashCode.
2020-06-26 12:47:39,520 WARN org.hibernate.type.descriptor.java.JavaTypeDescriptorRegistry [main] HHH000481: Encountered Java type [class org.ishafoundation.dwaraapi.db.model.transactional.json.VolumeDetails] for which we could not locate a JavaTypeDescriptor and which does not appear to implement equals and/or hashCode.  This can lead to significant performance problems when performing equality/dirty checking involving this Java type.  Consider registering a custom JavaTypeDescriptor or at least implementing equals/hashCode.
2020-06-26 12:47:40,676 INFO org.springframework.orm.jpa.AbstractEntityManagerFactoryBean [main] Initialized JPA EntityManagerFactory for persistence unit 'default'
2020-06-26 12:47:41,472 INFO org.hibernate.hql.internal.QueryTranslatorFactoryInitiator [main] HHH000397: Using ASTQueryTranslatorFactory
2020-06-26 12:47:42,871 INFO org.springframework.boot.autoconfigure.security.servlet.UserDetailsServiceAutoConfiguration [main] 

Using generated security password: fdf855f1-1032-45db-9936-27d4ad79fc04

2020-06-26 12:47:43,414 INFO org.springframework.security.web.DefaultSecurityFilterChain [main] Creating filter chain: any request, [org.springframework.security.web.context.request.async.WebAsyncManagerIntegrationFilter@648c80cb, org.springframework.security.web.context.SecurityContextPersistenceFilter@52e5ad71, org.springframework.security.web.header.HeaderWriterFilter@40874f54, org.springframework.security.web.csrf.CsrfFilter@6a577564, org.springframework.security.web.authentication.logout.LogoutFilter@571b4bf6, org.springframework.security.web.authentication.UsernamePasswordAuthenticationFilter@42c9f2cd, org.springframework.security.web.authentication.ui.DefaultLoginPageGeneratingFilter@7a553110, org.springframework.security.web.authentication.ui.DefaultLogoutPageGeneratingFilter@4a9d6eb9, org.springframework.security.web.authentication.www.BasicAuthenticationFilter@64faf3d, org.springframework.security.web.savedrequest.RequestCacheAwareFilter@1134a934, org.springframework.security.web.servletapi.SecurityContextHolderAwareRequestFilter@183e64a8, org.springframework.security.web.authentication.AnonymousAuthenticationFilter@157a2c86, org.springframework.security.web.session.SessionManagementFilter@3599b7e8, org.springframework.security.web.access.ExceptionTranslationFilter@5c8859b4, org.springframework.security.web.access.intercept.FilterSecurityInterceptor@73ba3c4b]
2020-06-26 12:47:44,377 INFO org.springframework.orm.jpa.AbstractEntityManagerFactoryBean [Thread-2] Closing JPA EntityManagerFactory for persistence unit 'default'
2020-06-26 12:47:44,380 INFO com.zaxxer.hikari.HikariDataSource [Thread-2] HikariPool-1 - Shutdown initiated...
2020-06-26 12:47:44,395 INFO com.zaxxer.hikari.HikariDataSource [Thread-2] HikariPool-1 - Shutdown completed.
2020-06-26 12:48:22,475 INFO org.springframework.data.repository.config.RepositoryConfigurationDelegate [main] Bootstrapping Spring Data repositories in DEFAULT mode.
2020-06-26 12:48:22,709 INFO org.springframework.data.repository.config.RepositoryConfigurationDelegate [main] Finished Spring Data repository scanning in 219ms. Found 35 repository interfaces.
2020-06-26 12:48:23,318 INFO com.zaxxer.hikari.HikariDataSource [main] HikariPool-1 - Starting...
2020-06-26 12:48:23,483 INFO com.zaxxer.hikari.HikariDataSource [main] HikariPool-1 - Start completed.
2020-06-26 12:48:23,606 INFO org.hibernate.jpa.internal.util.LogHelper [main] HHH000204: Processing PersistenceUnitInfo [
	name: default
	...]
2020-06-26 12:48:23,683 INFO org.hibernate.Version [main] HHH000412: Hibernate Core {5.3.10.Final}
2020-06-26 12:48:23,686 INFO org.hibernate.cfg.Environment [main] HHH000206: hibernate.properties not found
2020-06-26 12:48:23,856 INFO org.hibernate.annotations.common.reflection.java.JavaReflectionManager [main] HCANN000001: Hibernate Commons Annotations {5.0.4.Final}
2020-06-26 12:48:24,465 INFO org.hibernate.dialect.Dialect [main] HHH000400: Using dialect: org.hibernate.dialect.MySQL57Dialect
2020-06-26 12:48:24,692 WARN org.hibernate.boot.internal.InFlightMetadataCollectorImpl [main] HHH000069: Duplicate generator name dwara_seq_generator
2020-06-26 12:48:24,707 WARN org.hibernate.boot.internal.InFlightMetadataCollectorImpl [main] HHH000069: Duplicate generator name dwara_seq_generator
2020-06-26 12:48:24,707 WARN org.hibernate.boot.internal.InFlightMetadataCollectorImpl [main] HHH000069: Duplicate generator name dwara_seq_generator
2020-06-26 12:48:24,707 WARN org.hibernate.boot.internal.InFlightMetadataCollectorImpl [main] HHH000069: Duplicate generator name dwara_seq_generator
2020-06-26 12:48:24,754 WARN org.hibernate.type.descriptor.java.JavaTypeDescriptorRegistry [main] HHH000481: Encountered Java type [class org.ishafoundation.dwaraapi.db.model.master.configuration.json.DeviceDetails] for which we could not locate a JavaTypeDescriptor and which does not appear to implement equals and/or hashCode.  This can lead to significant performance problems when performing equality/dirty checking involving this Java type.  Consider registering a custom JavaTypeDescriptor or at least implementing equals/hashCode.
2020-06-26 12:48:24,770 WARN org.hibernate.type.descriptor.java.JavaTypeDescriptorRegistry [main] HHH000481: Encountered Java type [class org.ishafoundation.dwaraapi.db.model.transactional.json.RequestDetails] for which we could not locate a JavaTypeDescriptor and which does not appear to implement equals and/or hashCode.  This can lead to significant performance problems when performing equality/dirty checking involving this Java type.  Consider registering a custom JavaTypeDescriptor or at least implementing equals/hashCode.
2020-06-26 12:48:24,786 WARN org.hibernate.type.descriptor.java.JavaTypeDescriptorRegistry [main] HHH000481: Encountered Java type [class org.ishafoundation.dwaraapi.db.model.transactional.json.VolumeDetails] for which we could not locate a JavaTypeDescriptor and which does not appear to implement equals and/or hashCode.  This can lead to significant performance problems when performing equality/dirty checking involving this Java type.  Consider registering a custom JavaTypeDescriptor or at least implementing equals/hashCode.
2020-06-26 12:48:25,738 INFO org.springframework.orm.jpa.AbstractEntityManagerFactoryBean [main] Initialized JPA EntityManagerFactory for persistence unit 'default'
2020-06-26 12:48:26,376 INFO org.hibernate.hql.internal.QueryTranslatorFactoryInitiator [main] HHH000397: Using ASTQueryTranslatorFactory
2020-06-26 12:48:27,391 INFO org.springframework.boot.autoconfigure.security.servlet.UserDetailsServiceAutoConfiguration [main] 

Using generated security password: cade1cf2-6471-4ff9-953d-784935cb7b6e

2020-06-26 12:48:27,645 INFO org.springframework.security.web.DefaultSecurityFilterChain [main] Creating filter chain: any request, [org.springframework.security.web.context.request.async.WebAsyncManagerIntegrationFilter@37b80ec7, org.springframework.security.web.context.SecurityContextPersistenceFilter@1abf951a, org.springframework.security.web.header.HeaderWriterFilter@4177d422, org.springframework.security.web.csrf.CsrfFilter@1906f982, org.springframework.security.web.authentication.logout.LogoutFilter@f4d391c, org.springframework.security.web.authentication.UsernamePasswordAuthenticationFilter@30437e9c, org.springframework.security.web.authentication.ui.DefaultLoginPageGeneratingFilter@733bd6f3, org.springframework.security.web.authentication.ui.DefaultLogoutPageGeneratingFilter@4cb58e8b, org.springframework.security.web.authentication.www.BasicAuthenticationFilter@4dffa400, org.springframework.security.web.savedrequest.RequestCacheAwareFilter@180d918a, org.springframework.security.web.servletapi.SecurityContextHolderAwareRequestFilter@29ee8174, org.springframework.security.web.authentication.AnonymousAuthenticationFilter@6f4f2cc0, org.springframework.security.web.session.SessionManagementFilter@12f3fcd, org.springframework.security.web.access.ExceptionTranslationFilter@59ac77f9, org.springframework.security.web.access.intercept.FilterSecurityInterceptor@70aa03c0]
2020-06-26 12:48:48,097 INFO org.springframework.orm.jpa.AbstractEntityManagerFactoryBean [Thread-2] Closing JPA EntityManagerFactory for persistence unit 'default'
2020-06-26 12:48:48,111 INFO com.zaxxer.hikari.HikariDataSource [Thread-2] HikariPool-1 - Shutdown initiated...
2020-06-26 12:48:48,111 INFO com.zaxxer.hikari.HikariDataSource [Thread-2] HikariPool-1 - Shutdown completed.
2020-06-26 12:56:21,060 INFO org.springframework.data.repository.config.RepositoryConfigurationDelegate [main] Bootstrapping Spring Data repositories in DEFAULT mode.
2020-06-26 12:56:21,279 INFO org.springframework.data.repository.config.RepositoryConfigurationDelegate [main] Finished Spring Data repository scanning in 219ms. Found 35 repository interfaces.
2020-06-26 12:56:21,920 INFO com.zaxxer.hikari.HikariDataSource [main] HikariPool-1 - Starting...
2020-06-26 12:56:22,066 INFO com.zaxxer.hikari.HikariDataSource [main] HikariPool-1 - Start completed.
2020-06-26 12:56:22,175 INFO org.hibernate.jpa.internal.util.LogHelper [main] HHH000204: Processing PersistenceUnitInfo [
	name: default
	...]
2020-06-26 12:56:22,285 INFO org.hibernate.Version [main] HHH000412: Hibernate Core {5.3.10.Final}
2020-06-26 12:56:22,285 INFO org.hibernate.cfg.Environment [main] HHH000206: hibernate.properties not found
2020-06-26 12:56:22,425 INFO org.hibernate.annotations.common.reflection.java.JavaReflectionManager [main] HCANN000001: Hibernate Commons Annotations {5.0.4.Final}
2020-06-26 12:56:22,988 INFO org.hibernate.dialect.Dialect [main] HHH000400: Using dialect: org.hibernate.dialect.MySQL57Dialect
2020-06-26 12:56:23,254 WARN org.hibernate.boot.internal.InFlightMetadataCollectorImpl [main] HHH000069: Duplicate generator name dwara_seq_generator
2020-06-26 12:56:23,254 WARN org.hibernate.boot.internal.InFlightMetadataCollectorImpl [main] HHH000069: Duplicate generator name dwara_seq_generator
2020-06-26 12:56:23,254 WARN org.hibernate.boot.internal.InFlightMetadataCollectorImpl [main] HHH000069: Duplicate generator name dwara_seq_generator
2020-06-26 12:56:23,254 WARN org.hibernate.boot.internal.InFlightMetadataCollectorImpl [main] HHH000069: Duplicate generator name dwara_seq_generator
2020-06-26 12:56:23,301 WARN org.hibernate.type.descriptor.java.JavaTypeDescriptorRegistry [main] HHH000481: Encountered Java type [class org.ishafoundation.dwaraapi.db.model.master.configuration.json.DeviceDetails] for which we could not locate a JavaTypeDescriptor and which does not appear to implement equals and/or hashCode.  This can lead to significant performance problems when performing equality/dirty checking involving this Java type.  Consider registering a custom JavaTypeDescriptor or at least implementing equals/hashCode.
2020-06-26 12:56:23,316 WARN org.hibernate.type.descriptor.java.JavaTypeDescriptorRegistry [main] HHH000481: Encountered Java type [class org.ishafoundation.dwaraapi.db.model.transactional.json.RequestDetails] for which we could not locate a JavaTypeDescriptor and which does not appear to implement equals and/or hashCode.  This can lead to significant performance problems when performing equality/dirty checking involving this Java type.  Consider registering a custom JavaTypeDescriptor or at least implementing equals/hashCode.
2020-06-26 12:56:23,316 WARN org.hibernate.type.descriptor.java.JavaTypeDescriptorRegistry [main] HHH000481: Encountered Java type [class org.ishafoundation.dwaraapi.db.model.transactional.json.VolumeDetails] for which we could not locate a JavaTypeDescriptor and which does not appear to implement equals and/or hashCode.  This can lead to significant performance problems when performing equality/dirty checking involving this Java type.  Consider registering a custom JavaTypeDescriptor or at least implementing equals/hashCode.
2020-06-26 12:56:24,254 INFO org.springframework.orm.jpa.AbstractEntityManagerFactoryBean [main] Initialized JPA EntityManagerFactory for persistence unit 'default'
2020-06-26 12:56:24,931 INFO org.hibernate.hql.internal.QueryTranslatorFactoryInitiator [main] HHH000397: Using ASTQueryTranslatorFactory
2020-06-26 12:56:25,946 INFO org.springframework.boot.autoconfigure.security.servlet.UserDetailsServiceAutoConfiguration [main] 

Using generated security password: e36eeeaf-bcb0-4dae-8194-c20bacdba53a

2020-06-26 12:56:26,193 INFO org.springframework.security.web.DefaultSecurityFilterChain [main] Creating filter chain: any request, [org.springframework.security.web.context.request.async.WebAsyncManagerIntegrationFilter@28269c65, org.springframework.security.web.context.SecurityContextPersistenceFilter@79a68657, org.springframework.security.web.header.HeaderWriterFilter@3ad558bf, org.springframework.security.web.csrf.CsrfFilter@7c4a03a, org.springframework.security.web.authentication.logout.LogoutFilter@229514ff, org.springframework.security.web.authentication.UsernamePasswordAuthenticationFilter@14bf9fd0, org.springframework.security.web.authentication.ui.DefaultLoginPageGeneratingFilter@6738e8b2, org.springframework.security.web.authentication.ui.DefaultLogoutPageGeneratingFilter@4c9d833, org.springframework.security.web.authentication.www.BasicAuthenticationFilter@1f6d7e7c, org.springframework.security.web.savedrequest.RequestCacheAwareFilter@59d0fac9, org.springframework.security.web.servletapi.SecurityContextHolderAwareRequestFilter@7b2f8152, org.springframework.security.web.authentication.AnonymousAuthenticationFilter@18b58c77, org.springframework.security.web.session.SessionManagementFilter@6ba355e4, org.springframework.security.web.access.ExceptionTranslationFilter@8167f57, org.springframework.security.web.access.intercept.FilterSecurityInterceptor@511bfbb0]
2020-06-26 12:56:46,513 INFO org.springframework.orm.jpa.AbstractEntityManagerFactoryBean [Thread-2] Closing JPA EntityManagerFactory for persistence unit 'default'
2020-06-26 12:56:46,526 INFO com.zaxxer.hikari.HikariDataSource [Thread-2] HikariPool-1 - Shutdown initiated...
2020-06-26 12:56:46,527 INFO com.zaxxer.hikari.HikariDataSource [Thread-2] HikariPool-1 - Shutdown completed.
2020-06-26 13:14:30,019 INFO org.springframework.data.repository.config.RepositoryConfigurationDelegate [main] Bootstrapping Spring Data repositories in DEFAULT mode.
2020-06-26 13:14:30,357 INFO org.springframework.data.repository.config.RepositoryConfigurationDelegate [main] Finished Spring Data repository scanning in 312ms. Found 35 repository interfaces.
2020-06-26 13:14:31,263 INFO com.zaxxer.hikari.HikariDataSource [main] HikariPool-1 - Starting...
2020-06-26 13:14:31,472 INFO com.zaxxer.hikari.HikariDataSource [main] HikariPool-1 - Start completed.
2020-06-26 13:14:31,644 INFO org.hibernate.jpa.internal.util.LogHelper [main] HHH000204: Processing PersistenceUnitInfo [
	name: default
	...]
2020-06-26 13:14:31,783 INFO org.hibernate.Version [main] HHH000412: Hibernate Core {5.3.10.Final}
2020-06-26 13:14:31,786 INFO org.hibernate.cfg.Environment [main] HHH000206: hibernate.properties not found
2020-06-26 13:14:32,052 INFO org.hibernate.annotations.common.reflection.java.JavaReflectionManager [main] HCANN000001: Hibernate Commons Annotations {5.0.4.Final}
2020-06-26 13:14:32,559 INFO org.hibernate.dialect.Dialect [main] HHH000400: Using dialect: org.hibernate.dialect.MySQL57Dialect
2020-06-26 13:14:32,885 WARN org.hibernate.boot.internal.InFlightMetadataCollectorImpl [main] HHH000069: Duplicate generator name dwara_seq_generator
2020-06-26 13:14:32,900 WARN org.hibernate.boot.internal.InFlightMetadataCollectorImpl [main] HHH000069: Duplicate generator name dwara_seq_generator
2020-06-26 13:14:32,900 WARN org.hibernate.boot.internal.InFlightMetadataCollectorImpl [main] HHH000069: Duplicate generator name dwara_seq_generator
2020-06-26 13:14:32,900 WARN org.hibernate.boot.internal.InFlightMetadataCollectorImpl [main] HHH000069: Duplicate generator name dwara_seq_generator
2020-06-26 13:14:32,978 WARN org.hibernate.type.descriptor.java.JavaTypeDescriptorRegistry [main] HHH000481: Encountered Java type [class org.ishafoundation.dwaraapi.db.model.master.configuration.json.DeviceDetails] for which we could not locate a JavaTypeDescriptor and which does not appear to implement equals and/or hashCode.  This can lead to significant performance problems when performing equality/dirty checking involving this Java type.  Consider registering a custom JavaTypeDescriptor or at least implementing equals/hashCode.
2020-06-26 13:14:32,994 WARN org.hibernate.type.descriptor.java.JavaTypeDescriptorRegistry [main] HHH000481: Encountered Java type [class org.ishafoundation.dwaraapi.db.model.transactional.json.RequestDetails] for which we could not locate a JavaTypeDescriptor and which does not appear to implement equals and/or hashCode.  This can lead to significant performance problems when performing equality/dirty checking involving this Java type.  Consider registering a custom JavaTypeDescriptor or at least implementing equals/hashCode.
2020-06-26 13:14:33,010 WARN org.hibernate.type.descriptor.java.JavaTypeDescriptorRegistry [main] HHH000481: Encountered Java type [class org.ishafoundation.dwaraapi.db.model.transactional.json.VolumeDetails] for which we could not locate a JavaTypeDescriptor and which does not appear to implement equals and/or hashCode.  This can lead to significant performance problems when performing equality/dirty checking involving this Java type.  Consider registering a custom JavaTypeDescriptor or at least implementing equals/hashCode.
2020-06-26 13:14:34,181 INFO org.springframework.orm.jpa.AbstractEntityManagerFactoryBean [main] Initialized JPA EntityManagerFactory for persistence unit 'default'
2020-06-26 13:14:34,991 INFO org.hibernate.hql.internal.QueryTranslatorFactoryInitiator [main] HHH000397: Using ASTQueryTranslatorFactory
2020-06-26 13:14:36,414 INFO org.springframework.boot.autoconfigure.security.servlet.UserDetailsServiceAutoConfiguration [main] 

Using generated security password: 8b602528-edce-4ec6-bd64-16e7fa35e531

2020-06-26 13:14:36,905 INFO org.springframework.security.web.DefaultSecurityFilterChain [main] Creating filter chain: any request, [org.springframework.security.web.context.request.async.WebAsyncManagerIntegrationFilter@402adc9c, org.springframework.security.web.context.SecurityContextPersistenceFilter@54c1878b, org.springframework.security.web.header.HeaderWriterFilter@5d72da0b, org.springframework.security.web.csrf.CsrfFilter@50f65fe0, org.springframework.security.web.authentication.logout.LogoutFilter@4400026, org.springframework.security.web.authentication.UsernamePasswordAuthenticationFilter@421c057a, org.springframework.security.web.authentication.ui.DefaultLoginPageGeneratingFilter@257e8c43, org.springframework.security.web.authentication.ui.DefaultLogoutPageGeneratingFilter@70313b0b, org.springframework.security.web.authentication.www.BasicAuthenticationFilter@493ed8e6, org.springframework.security.web.savedrequest.RequestCacheAwareFilter@3c89fdd8, org.springframework.security.web.servletapi.SecurityContextHolderAwareRequestFilter@546ca9da, org.springframework.security.web.authentication.AnonymousAuthenticationFilter@5da16ed6, org.springframework.security.web.session.SessionManagementFilter@5a983f8a, org.springframework.security.web.access.ExceptionTranslationFilter@59f56892, org.springframework.security.web.access.intercept.FilterSecurityInterceptor@740530b]
2020-06-26 13:16:35,512 INFO org.springframework.orm.jpa.AbstractEntityManagerFactoryBean [Thread-2] Closing JPA EntityManagerFactory for persistence unit 'default'
2020-06-26 13:16:35,527 INFO com.zaxxer.hikari.HikariDataSource [Thread-2] HikariPool-1 - Shutdown initiated...
2020-06-26 13:16:35,527 INFO com.zaxxer.hikari.HikariDataSource [Thread-2] HikariPool-1 - Shutdown completed.
2020-06-26 15:16:06,306 INFO org.springframework.data.repository.config.RepositoryConfigurationDelegate [main] Bootstrapping Spring Data repositories in DEFAULT mode.
2020-06-26 15:16:06,702 INFO org.springframework.data.repository.config.RepositoryConfigurationDelegate [main] Finished Spring Data repository scanning in 378ms. Found 35 repository interfaces.
2020-06-26 15:16:07,905 INFO com.zaxxer.hikari.HikariDataSource [main] HikariPool-1 - Starting...
2020-06-26 15:16:08,243 INFO com.zaxxer.hikari.HikariDataSource [main] HikariPool-1 - Start completed.
2020-06-26 15:16:08,450 INFO org.hibernate.jpa.internal.util.LogHelper [main] HHH000204: Processing PersistenceUnitInfo [
	name: default
	...]
2020-06-26 15:16:08,593 INFO org.hibernate.Version [main] HHH000412: Hibernate Core {5.3.10.Final}
2020-06-26 15:16:08,597 INFO org.hibernate.cfg.Environment [main] HHH000206: hibernate.properties not found
2020-06-26 15:16:08,955 INFO org.hibernate.annotations.common.reflection.java.JavaReflectionManager [main] HCANN000001: Hibernate Commons Annotations {5.0.4.Final}
2020-06-26 15:16:09,996 INFO org.hibernate.dialect.Dialect [main] HHH000400: Using dialect: org.hibernate.dialect.MySQL57Dialect
2020-06-26 15:16:10,341 WARN org.hibernate.boot.internal.InFlightMetadataCollectorImpl [main] HHH000069: Duplicate generator name dwara_seq_generator
2020-06-26 15:16:10,352 WARN org.hibernate.boot.internal.InFlightMetadataCollectorImpl [main] HHH000069: Duplicate generator name dwara_seq_generator
2020-06-26 15:16:10,355 WARN org.hibernate.boot.internal.InFlightMetadataCollectorImpl [main] HHH000069: Duplicate generator name dwara_seq_generator
2020-06-26 15:16:10,356 WARN org.hibernate.boot.internal.InFlightMetadataCollectorImpl [main] HHH000069: Duplicate generator name dwara_seq_generator
2020-06-26 15:16:10,419 WARN org.hibernate.type.descriptor.java.JavaTypeDescriptorRegistry [main] HHH000481: Encountered Java type [class org.ishafoundation.dwaraapi.db.model.master.configuration.json.DeviceDetails] for which we could not locate a JavaTypeDescriptor and which does not appear to implement equals and/or hashCode.  This can lead to significant performance problems when performing equality/dirty checking involving this Java type.  Consider registering a custom JavaTypeDescriptor or at least implementing equals/hashCode.
2020-06-26 15:16:10,440 WARN org.hibernate.type.descriptor.java.JavaTypeDescriptorRegistry [main] HHH000481: Encountered Java type [class org.ishafoundation.dwaraapi.db.model.transactional.json.RequestDetails] for which we could not locate a JavaTypeDescriptor and which does not appear to implement equals and/or hashCode.  This can lead to significant performance problems when performing equality/dirty checking involving this Java type.  Consider registering a custom JavaTypeDescriptor or at least implementing equals/hashCode.
2020-06-26 15:16:10,446 WARN org.hibernate.type.descriptor.java.JavaTypeDescriptorRegistry [main] HHH000481: Encountered Java type [class org.ishafoundation.dwaraapi.db.model.transactional.json.VolumeDetails] for which we could not locate a JavaTypeDescriptor and which does not appear to implement equals and/or hashCode.  This can lead to significant performance problems when performing equality/dirty checking involving this Java type.  Consider registering a custom JavaTypeDescriptor or at least implementing equals/hashCode.
2020-06-26 15:16:11,937 INFO org.springframework.orm.jpa.AbstractEntityManagerFactoryBean [main] Initialized JPA EntityManagerFactory for persistence unit 'default'
2020-06-26 15:16:12,994 INFO org.hibernate.hql.internal.QueryTranslatorFactoryInitiator [main] HHH000397: Using ASTQueryTranslatorFactory
2020-06-26 15:16:14,782 INFO org.springframework.boot.autoconfigure.security.servlet.UserDetailsServiceAutoConfiguration [main] 

Using generated security password: 50b68fbf-8966-4e0e-b217-91c06b2099c4

2020-06-26 15:16:15,422 INFO org.springframework.security.web.DefaultSecurityFilterChain [main] Creating filter chain: any request, [org.springframework.security.web.context.request.async.WebAsyncManagerIntegrationFilter@2aac60b, org.springframework.security.web.context.SecurityContextPersistenceFilter@2044f708, org.springframework.security.web.header.HeaderWriterFilter@70736b19, org.springframework.security.web.csrf.CsrfFilter@1609ed55, org.springframework.security.web.authentication.logout.LogoutFilter@c8d20bb, org.springframework.security.web.authentication.UsernamePasswordAuthenticationFilter@326d39fd, org.springframework.security.web.authentication.ui.DefaultLoginPageGeneratingFilter@3cc5ca01, org.springframework.security.web.authentication.ui.DefaultLogoutPageGeneratingFilter@173602c0, org.springframework.security.web.authentication.www.BasicAuthenticationFilter@1043c493, org.springframework.security.web.savedrequest.RequestCacheAwareFilter@18bab95b, org.springframework.security.web.servletapi.SecurityContextHolderAwareRequestFilter@4f96e484, org.springframework.security.web.authentication.AnonymousAuthenticationFilter@fdeec12, org.springframework.security.web.session.SessionManagementFilter@7a553110, org.springframework.security.web.access.ExceptionTranslationFilter@50f65fe0, org.springframework.security.web.access.intercept.FilterSecurityInterceptor@157a2c86]
2020-06-26 15:17:07,727 INFO org.springframework.orm.jpa.AbstractEntityManagerFactoryBean [Thread-2] Closing JPA EntityManagerFactory for persistence unit 'default'
2020-06-26 15:17:07,733 INFO com.zaxxer.hikari.HikariDataSource [Thread-2] HikariPool-1 - Shutdown initiated...
2020-06-26 15:17:07,769 INFO com.zaxxer.hikari.HikariDataSource [Thread-2] HikariPool-1 - Shutdown completed.
