2020-06-13 13:39:33,130 INFO org.springframework.data.repository.config.RepositoryConfigurationDelegate [main] Bootstrapping Spring Data repositories in DEFAULT mode.
2020-06-13 13:39:33,483 INFO org.springframework.data.repository.config.RepositoryConfigurationDelegate [main] Finished Spring Data repository scanning in 302ms. Found 37 repository interfaces.
2020-06-13 13:39:34,316 INFO com.zaxxer.hikari.HikariDataSource [main] HikariPool-1 - Starting...
2020-06-13 13:39:34,545 INFO com.zaxxer.hikari.HikariDataSource [main] HikariPool-1 - Start completed.
2020-06-13 13:39:34,691 INFO org.hibernate.jpa.internal.util.LogHelper [main] HHH000204: Processing PersistenceUnitInfo [
	name: default
	...]
2020-06-13 13:39:34,841 INFO org.hibernate.Version [main] HHH000412: Hibernate Core {5.3.10.Final}
2020-06-13 13:39:34,844 INFO org.hibernate.cfg.Environment [main] HHH000206: hibernate.properties not found
2020-06-13 13:39:35,135 INFO org.hibernate.annotations.common.reflection.java.JavaReflectionManager [main] HCANN000001: Hibernate Commons Annotations {5.0.4.Final}
2020-06-13 13:39:35,682 INFO org.hibernate.dialect.Dialect [main] HHH000400: Using dialect: org.hibernate.dialect.MySQL57Dialect
2020-06-13 13:39:36,108 WARN org.hibernate.boot.internal.InFlightMetadataCollectorImpl [main] HHH000069: Duplicate generator name dwara_seq_generator
2020-06-13 13:39:36,112 WARN org.hibernate.boot.internal.InFlightMetadataCollectorImpl [main] HHH000069: Duplicate generator name dwara_seq_generator
2020-06-13 13:39:36,116 WARN org.hibernate.boot.internal.InFlightMetadataCollectorImpl [main] HHH000069: Duplicate generator name dwara_seq_generator
2020-06-13 13:39:36,119 WARN org.hibernate.boot.internal.InFlightMetadataCollectorImpl [main] HHH000069: Duplicate generator name dwara_seq_generator
2020-06-13 13:39:36,122 WARN org.hibernate.boot.internal.InFlightMetadataCollectorImpl [main] HHH000069: Duplicate generator name dwara_seq_generator
2020-06-13 13:39:36,164 WARN org.hibernate.type.descriptor.java.JavaTypeDescriptorRegistry [main] HHH000481: Encountered Java type [class org.ishafoundation.dwaraapi.db.model.master.configuration.json.DeviceDetails] for which we could not locate a JavaTypeDescriptor and which does not appear to implement equals and/or hashCode.  This can lead to significant performance problems when performing equality/dirty checking involving this Java type.  Consider registering a custom JavaTypeDescriptor or at least implementing equals/hashCode.
2020-06-13 13:39:36,196 WARN org.hibernate.type.descriptor.java.JavaTypeDescriptorRegistry [main] HHH000481: Encountered Java type [class org.ishafoundation.dwaraapi.db.model.transactional.json.SubrequestDetails] for which we could not locate a JavaTypeDescriptor and which does not appear to implement equals and/or hashCode.  This can lead to significant performance problems when performing equality/dirty checking involving this Java type.  Consider registering a custom JavaTypeDescriptor or at least implementing equals/hashCode.
2020-06-13 13:39:36,203 WARN org.hibernate.type.descriptor.java.JavaTypeDescriptorRegistry [main] HHH000481: Encountered Java type [class org.ishafoundation.dwaraapi.db.model.transactional.json.VolumeDetails] for which we could not locate a JavaTypeDescriptor and which does not appear to implement equals and/or hashCode.  This can lead to significant performance problems when performing equality/dirty checking involving this Java type.  Consider registering a custom JavaTypeDescriptor or at least implementing equals/hashCode.
2020-06-13 13:39:37,460 INFO org.springframework.orm.jpa.AbstractEntityManagerFactoryBean [main] Initialized JPA EntityManagerFactory for persistence unit 'default'
2020-06-13 13:39:38,167 INFO org.hibernate.hql.internal.QueryTranslatorFactoryInitiator [main] HHH000397: Using ASTQueryTranslatorFactory
2020-06-13 13:39:39,629 INFO org.springframework.boot.autoconfigure.security.servlet.UserDetailsServiceAutoConfiguration [main] 

Using generated security password: bfaa9a84-bc14-4ae1-b8be-e5b49ff0bcda

2020-06-13 13:39:39,939 INFO org.springframework.security.web.DefaultSecurityFilterChain [main] Creating filter chain: any request, [org.springframework.security.web.context.request.async.WebAsyncManagerIntegrationFilter@5c438795, org.springframework.security.web.context.SecurityContextPersistenceFilter@5cb3cfef, org.springframework.security.web.header.HeaderWriterFilter@4bc49d70, org.springframework.security.web.csrf.CsrfFilter@e98004e, org.springframework.security.web.authentication.logout.LogoutFilter@28901fe7, org.springframework.security.web.authentication.UsernamePasswordAuthenticationFilter@36f1bd7e, org.springframework.security.web.authentication.ui.DefaultLoginPageGeneratingFilter@15e881c0, org.springframework.security.web.authentication.ui.DefaultLogoutPageGeneratingFilter@3b4b2c03, org.springframework.security.web.authentication.www.BasicAuthenticationFilter@75f9a35a, org.springframework.security.web.savedrequest.RequestCacheAwareFilter@197da701, org.springframework.security.web.servletapi.SecurityContextHolderAwareRequestFilter@14d9ae22, org.springframework.security.web.authentication.AnonymousAuthenticationFilter@339b45f8, org.springframework.security.web.session.SessionManagementFilter@1851f19f, org.springframework.security.web.access.ExceptionTranslationFilter@7de2c19c, org.springframework.security.web.access.intercept.FilterSecurityInterceptor@506d7fed]
2020-06-13 13:39:50,533 INFO org.springframework.orm.jpa.AbstractEntityManagerFactoryBean [Thread-2] Closing JPA EntityManagerFactory for persistence unit 'default'
2020-06-13 13:39:50,536 INFO com.zaxxer.hikari.HikariDataSource [Thread-2] HikariPool-1 - Shutdown initiated...
2020-06-13 13:39:50,550 INFO com.zaxxer.hikari.HikariDataSource [Thread-2] HikariPool-1 - Shutdown completed.
2020-06-13 13:51:29,504 INFO org.springframework.data.repository.config.RepositoryConfigurationDelegate [main] Bootstrapping Spring Data repositories in DEFAULT mode.
2020-06-13 13:51:29,822 INFO org.springframework.data.repository.config.RepositoryConfigurationDelegate [main] Finished Spring Data repository scanning in 303ms. Found 37 repository interfaces.
2020-06-13 13:51:30,662 INFO com.zaxxer.hikari.HikariDataSource [main] HikariPool-1 - Starting...
2020-06-13 13:51:30,881 INFO com.zaxxer.hikari.HikariDataSource [main] HikariPool-1 - Start completed.
2020-06-13 13:51:31,047 INFO org.hibernate.jpa.internal.util.LogHelper [main] HHH000204: Processing PersistenceUnitInfo [
	name: default
	...]
2020-06-13 13:51:31,165 INFO org.hibernate.Version [main] HHH000412: Hibernate Core {5.3.10.Final}
2020-06-13 13:51:31,168 INFO org.hibernate.cfg.Environment [main] HHH000206: hibernate.properties not found
2020-06-13 13:51:31,456 INFO org.hibernate.annotations.common.reflection.java.JavaReflectionManager [main] HCANN000001: Hibernate Commons Annotations {5.0.4.Final}
2020-06-13 13:51:32,022 INFO org.hibernate.dialect.Dialect [main] HHH000400: Using dialect: org.hibernate.dialect.MySQL57Dialect
2020-06-13 13:51:32,374 WARN org.hibernate.boot.internal.InFlightMetadataCollectorImpl [main] HHH000069: Duplicate generator name dwara_seq_generator
2020-06-13 13:51:32,382 WARN org.hibernate.boot.internal.InFlightMetadataCollectorImpl [main] HHH000069: Duplicate generator name dwara_seq_generator
2020-06-13 13:51:32,388 WARN org.hibernate.boot.internal.InFlightMetadataCollectorImpl [main] HHH000069: Duplicate generator name dwara_seq_generator
2020-06-13 13:51:32,392 WARN org.hibernate.boot.internal.InFlightMetadataCollectorImpl [main] HHH000069: Duplicate generator name dwara_seq_generator
2020-06-13 13:51:32,397 WARN org.hibernate.boot.internal.InFlightMetadataCollectorImpl [main] HHH000069: Duplicate generator name dwara_seq_generator
2020-06-13 13:51:32,459 WARN org.hibernate.type.descriptor.java.JavaTypeDescriptorRegistry [main] HHH000481: Encountered Java type [class org.ishafoundation.dwaraapi.db.model.master.configuration.json.DeviceDetails] for which we could not locate a JavaTypeDescriptor and which does not appear to implement equals and/or hashCode.  This can lead to significant performance problems when performing equality/dirty checking involving this Java type.  Consider registering a custom JavaTypeDescriptor or at least implementing equals/hashCode.
2020-06-13 13:51:32,500 WARN org.hibernate.type.descriptor.java.JavaTypeDescriptorRegistry [main] HHH000481: Encountered Java type [class org.ishafoundation.dwaraapi.db.model.transactional.json.SubrequestDetails] for which we could not locate a JavaTypeDescriptor and which does not appear to implement equals and/or hashCode.  This can lead to significant performance problems when performing equality/dirty checking involving this Java type.  Consider registering a custom JavaTypeDescriptor or at least implementing equals/hashCode.
2020-06-13 13:51:32,507 WARN org.hibernate.type.descriptor.java.JavaTypeDescriptorRegistry [main] HHH000481: Encountered Java type [class org.ishafoundation.dwaraapi.db.model.transactional.json.VolumeDetails] for which we could not locate a JavaTypeDescriptor and which does not appear to implement equals and/or hashCode.  This can lead to significant performance problems when performing equality/dirty checking involving this Java type.  Consider registering a custom JavaTypeDescriptor or at least implementing equals/hashCode.
2020-06-13 13:51:33,835 INFO org.springframework.orm.jpa.AbstractEntityManagerFactoryBean [main] Initialized JPA EntityManagerFactory for persistence unit 'default'
2020-06-13 13:51:34,521 INFO org.hibernate.hql.internal.QueryTranslatorFactoryInitiator [main] HHH000397: Using ASTQueryTranslatorFactory
2020-06-13 13:51:35,737 INFO org.springframework.boot.autoconfigure.security.servlet.UserDetailsServiceAutoConfiguration [main] 

Using generated security password: b75c5beb-1596-4f62-92cc-ae96f9bce8ca

2020-06-13 13:51:36,080 INFO org.springframework.security.web.DefaultSecurityFilterChain [main] Creating filter chain: any request, [org.springframework.security.web.context.request.async.WebAsyncManagerIntegrationFilter@25dacc5a, org.springframework.security.web.context.SecurityContextPersistenceFilter@bb3487c, org.springframework.security.web.header.HeaderWriterFilter@30b0f674, org.springframework.security.web.csrf.CsrfFilter@4615bc00, org.springframework.security.web.authentication.logout.LogoutFilter@21cb5648, org.springframework.security.web.authentication.UsernamePasswordAuthenticationFilter@7cddc50f, org.springframework.security.web.authentication.ui.DefaultLoginPageGeneratingFilter@31ecb361, org.springframework.security.web.authentication.ui.DefaultLogoutPageGeneratingFilter@55b7f9f1, org.springframework.security.web.authentication.www.BasicAuthenticationFilter@40aaf656, org.springframework.security.web.savedrequest.RequestCacheAwareFilter@7337f87e, org.springframework.security.web.servletapi.SecurityContextHolderAwareRequestFilter@30b0d5a7, org.springframework.security.web.authentication.AnonymousAuthenticationFilter@273e622f, org.springframework.security.web.session.SessionManagementFilter@39f5eba4, org.springframework.security.web.access.ExceptionTranslationFilter@20bf7206, org.springframework.security.web.access.intercept.FilterSecurityInterceptor@672549f3]
2020-06-13 13:51:37,767 INFO org.springframework.orm.jpa.AbstractEntityManagerFactoryBean [Thread-2] Closing JPA EntityManagerFactory for persistence unit 'default'
2020-06-13 13:51:37,769 INFO com.zaxxer.hikari.HikariDataSource [Thread-2] HikariPool-1 - Shutdown initiated...
2020-06-13 13:51:37,783 INFO com.zaxxer.hikari.HikariDataSource [Thread-2] HikariPool-1 - Shutdown completed.
2020-06-13 21:23:11,427 INFO org.springframework.data.repository.config.RepositoryConfigurationDelegate [main] Bootstrapping Spring Data repositories in DEFAULT mode.
2020-06-13 21:23:11,863 INFO org.springframework.data.repository.config.RepositoryConfigurationDelegate [main] Finished Spring Data repository scanning in 417ms. Found 37 repository interfaces.
2020-06-13 21:23:13,192 INFO com.zaxxer.hikari.HikariDataSource [main] HikariPool-1 - Starting...
2020-06-13 21:23:13,516 INFO com.zaxxer.hikari.HikariDataSource [main] HikariPool-1 - Start completed.
2020-06-13 21:23:13,748 INFO org.hibernate.jpa.internal.util.LogHelper [main] HHH000204: Processing PersistenceUnitInfo [
	name: default
	...]
2020-06-13 21:23:13,911 INFO org.hibernate.Version [main] HHH000412: Hibernate Core {5.3.10.Final}
2020-06-13 21:23:13,915 INFO org.hibernate.cfg.Environment [main] HHH000206: hibernate.properties not found
2020-06-13 21:23:14,342 INFO org.hibernate.annotations.common.reflection.java.JavaReflectionManager [main] HCANN000001: Hibernate Commons Annotations {5.0.4.Final}
2020-06-13 21:23:14,986 INFO org.hibernate.dialect.Dialect [main] HHH000400: Using dialect: org.hibernate.dialect.MySQL57Dialect
2020-06-13 21:23:15,464 WARN org.hibernate.boot.internal.InFlightMetadataCollectorImpl [main] HHH000069: Duplicate generator name dwara_seq_generator
2020-06-13 21:23:15,468 WARN org.hibernate.boot.internal.InFlightMetadataCollectorImpl [main] HHH000069: Duplicate generator name dwara_seq_generator
2020-06-13 21:23:15,475 WARN org.hibernate.boot.internal.InFlightMetadataCollectorImpl [main] HHH000069: Duplicate generator name dwara_seq_generator
2020-06-13 21:23:15,478 WARN org.hibernate.boot.internal.InFlightMetadataCollectorImpl [main] HHH000069: Duplicate generator name dwara_seq_generator
2020-06-13 21:23:15,478 WARN org.hibernate.boot.internal.InFlightMetadataCollectorImpl [main] HHH000069: Duplicate generator name dwara_seq_generator
2020-06-13 21:23:15,546 WARN org.hibernate.type.descriptor.java.JavaTypeDescriptorRegistry [main] HHH000481: Encountered Java type [class org.ishafoundation.dwaraapi.db.model.master.configuration.json.DeviceDetails] for which we could not locate a JavaTypeDescriptor and which does not appear to implement equals and/or hashCode.  This can lead to significant performance problems when performing equality/dirty checking involving this Java type.  Consider registering a custom JavaTypeDescriptor or at least implementing equals/hashCode.
2020-06-13 21:23:15,585 WARN org.hibernate.type.descriptor.java.JavaTypeDescriptorRegistry [main] HHH000481: Encountered Java type [class org.ishafoundation.dwaraapi.db.model.transactional.json.SubrequestDetails] for which we could not locate a JavaTypeDescriptor and which does not appear to implement equals and/or hashCode.  This can lead to significant performance problems when performing equality/dirty checking involving this Java type.  Consider registering a custom JavaTypeDescriptor or at least implementing equals/hashCode.
2020-06-13 21:23:15,590 WARN org.hibernate.type.descriptor.java.JavaTypeDescriptorRegistry [main] HHH000481: Encountered Java type [class org.ishafoundation.dwaraapi.db.model.transactional.json.VolumeDetails] for which we could not locate a JavaTypeDescriptor and which does not appear to implement equals and/or hashCode.  This can lead to significant performance problems when performing equality/dirty checking involving this Java type.  Consider registering a custom JavaTypeDescriptor or at least implementing equals/hashCode.
2020-06-13 21:23:24,679 INFO org.springframework.orm.jpa.AbstractEntityManagerFactoryBean [main] Initialized JPA EntityManagerFactory for persistence unit 'default'
2020-06-13 21:23:25,599 INFO org.hibernate.hql.internal.QueryTranslatorFactoryInitiator [main] HHH000397: Using ASTQueryTranslatorFactory
2020-06-13 21:23:27,088 INFO org.springframework.boot.autoconfigure.security.servlet.UserDetailsServiceAutoConfiguration [main] 

Using generated security password: 2b643a92-5417-4237-ab14-15b35e146ced

2020-06-13 21:23:27,487 INFO org.springframework.security.web.DefaultSecurityFilterChain [main] Creating filter chain: any request, [org.springframework.security.web.context.request.async.WebAsyncManagerIntegrationFilter@3aec2f59, org.springframework.security.web.context.SecurityContextPersistenceFilter@13563e64, org.springframework.security.web.header.HeaderWriterFilter@11f752d1, org.springframework.security.web.csrf.CsrfFilter@7f065f9e, org.springframework.security.web.authentication.logout.LogoutFilter@75f9a35a, org.springframework.security.web.authentication.UsernamePasswordAuthenticationFilter@7d2ddbf3, org.springframework.security.web.authentication.ui.DefaultLoginPageGeneratingFilter@381d7c4c, org.springframework.security.web.authentication.ui.DefaultLogoutPageGeneratingFilter@7f72855d, org.springframework.security.web.authentication.www.BasicAuthenticationFilter@7f219e84, org.springframework.security.web.savedrequest.RequestCacheAwareFilter@36dbfa68, org.springframework.security.web.servletapi.SecurityContextHolderAwareRequestFilter@1bdb6b36, org.springframework.security.web.authentication.AnonymousAuthenticationFilter@13f358f8, org.springframework.security.web.session.SessionManagementFilter@462deb2b, org.springframework.security.web.access.ExceptionTranslationFilter@2257590f, org.springframework.security.web.access.intercept.FilterSecurityInterceptor@12ae75f1]
2020-06-13 21:23:29,449 INFO org.springframework.orm.jpa.AbstractEntityManagerFactoryBean [Thread-2] Closing JPA EntityManagerFactory for persistence unit 'default'
2020-06-13 21:23:29,453 INFO com.zaxxer.hikari.HikariDataSource [Thread-2] HikariPool-1 - Shutdown initiated...
2020-06-13 21:23:29,485 INFO com.zaxxer.hikari.HikariDataSource [Thread-2] HikariPool-1 - Shutdown completed.
2020-06-13 21:31:03,591 INFO org.springframework.data.repository.config.RepositoryConfigurationDelegate [main] Bootstrapping Spring Data repositories in DEFAULT mode.
2020-06-13 21:31:04,085 INFO org.springframework.data.repository.config.RepositoryConfigurationDelegate [main] Finished Spring Data repository scanning in 465ms. Found 37 repository interfaces.
2020-06-13 21:31:05,242 INFO com.zaxxer.hikari.HikariDataSource [main] HikariPool-1 - Starting...
2020-06-13 21:31:05,644 INFO com.zaxxer.hikari.HikariDataSource [main] HikariPool-1 - Start completed.
2020-06-13 21:31:06,158 INFO org.hibernate.jpa.internal.util.LogHelper [main] HHH000204: Processing PersistenceUnitInfo [
	name: default
	...]
2020-06-13 21:31:06,352 INFO org.hibernate.Version [main] HHH000412: Hibernate Core {5.3.10.Final}
2020-06-13 21:31:06,360 INFO org.hibernate.cfg.Environment [main] HHH000206: hibernate.properties not found
2020-06-13 21:31:06,703 INFO org.hibernate.annotations.common.reflection.java.JavaReflectionManager [main] HCANN000001: Hibernate Commons Annotations {5.0.4.Final}
2020-06-13 21:31:07,409 INFO org.hibernate.dialect.Dialect [main] HHH000400: Using dialect: org.hibernate.dialect.MySQL57Dialect
2020-06-13 21:31:07,815 WARN org.hibernate.boot.internal.InFlightMetadataCollectorImpl [main] HHH000069: Duplicate generator name dwara_seq_generator
2020-06-13 21:31:07,819 WARN org.hibernate.boot.internal.InFlightMetadataCollectorImpl [main] HHH000069: Duplicate generator name dwara_seq_generator
2020-06-13 21:31:07,826 WARN org.hibernate.boot.internal.InFlightMetadataCollectorImpl [main] HHH000069: Duplicate generator name dwara_seq_generator
2020-06-13 21:31:07,828 WARN org.hibernate.boot.internal.InFlightMetadataCollectorImpl [main] HHH000069: Duplicate generator name dwara_seq_generator
2020-06-13 21:31:07,832 WARN org.hibernate.boot.internal.InFlightMetadataCollectorImpl [main] HHH000069: Duplicate generator name dwara_seq_generator
2020-06-13 21:31:07,892 WARN org.hibernate.type.descriptor.java.JavaTypeDescriptorRegistry [main] HHH000481: Encountered Java type [class org.ishafoundation.dwaraapi.db.model.master.configuration.json.DeviceDetails] for which we could not locate a JavaTypeDescriptor and which does not appear to implement equals and/or hashCode.  This can lead to significant performance problems when performing equality/dirty checking involving this Java type.  Consider registering a custom JavaTypeDescriptor or at least implementing equals/hashCode.
2020-06-13 21:31:07,943 WARN org.hibernate.type.descriptor.java.JavaTypeDescriptorRegistry [main] HHH000481: Encountered Java type [class org.ishafoundation.dwaraapi.db.model.transactional.json.SubrequestDetails] for which we could not locate a JavaTypeDescriptor and which does not appear to implement equals and/or hashCode.  This can lead to significant performance problems when performing equality/dirty checking involving this Java type.  Consider registering a custom JavaTypeDescriptor or at least implementing equals/hashCode.
2020-06-13 21:31:07,949 WARN org.hibernate.type.descriptor.java.JavaTypeDescriptorRegistry [main] HHH000481: Encountered Java type [class org.ishafoundation.dwaraapi.db.model.transactional.json.VolumeDetails] for which we could not locate a JavaTypeDescriptor and which does not appear to implement equals and/or hashCode.  This can lead to significant performance problems when performing equality/dirty checking involving this Java type.  Consider registering a custom JavaTypeDescriptor or at least implementing equals/hashCode.
2020-06-13 21:31:09,664 INFO org.springframework.orm.jpa.AbstractEntityManagerFactoryBean [main] Initialized JPA EntityManagerFactory for persistence unit 'default'
2020-06-13 21:31:10,531 INFO org.hibernate.hql.internal.QueryTranslatorFactoryInitiator [main] HHH000397: Using ASTQueryTranslatorFactory
2020-06-13 21:31:11,994 INFO org.springframework.boot.autoconfigure.security.servlet.UserDetailsServiceAutoConfiguration [main] 

Using generated security password: 54684955-5dc8-4cca-bbd8-efe98ea3a5d6

2020-06-13 21:31:12,361 INFO org.springframework.security.web.DefaultSecurityFilterChain [main] Creating filter chain: any request, [org.springframework.security.web.context.request.async.WebAsyncManagerIntegrationFilter@3db145f7, org.springframework.security.web.context.SecurityContextPersistenceFilter@5dd5422f, org.springframework.security.web.header.HeaderWriterFilter@3ba6707e, org.springframework.security.web.csrf.CsrfFilter@159a32a4, org.springframework.security.web.authentication.logout.LogoutFilter@11f752d1, org.springframework.security.web.authentication.UsernamePasswordAuthenticationFilter@74ec4df3, org.springframework.security.web.authentication.ui.DefaultLoginPageGeneratingFilter@3f9ee527, org.springframework.security.web.authentication.ui.DefaultLogoutPageGeneratingFilter@25bd68ea, org.springframework.security.web.authentication.www.BasicAuthenticationFilter@5955568, org.springframework.security.web.savedrequest.RequestCacheAwareFilter@e594c46, org.springframework.security.web.servletapi.SecurityContextHolderAwareRequestFilter@104e6540, org.springframework.security.web.authentication.AnonymousAuthenticationFilter@7915111a, org.springframework.security.web.session.SessionManagementFilter@4c5ae26d, org.springframework.security.web.access.ExceptionTranslationFilter@58fbecde, org.springframework.security.web.access.intercept.FilterSecurityInterceptor@17e725fb]
2020-06-13 21:42:06,061 INFO org.springframework.data.repository.config.RepositoryConfigurationDelegate [main] Bootstrapping Spring Data repositories in DEFAULT mode.
2020-06-13 21:42:06,383 INFO org.springframework.data.repository.config.RepositoryConfigurationDelegate [main] Finished Spring Data repository scanning in 304ms. Found 37 repository interfaces.
2020-06-13 21:42:07,401 INFO com.zaxxer.hikari.HikariDataSource [main] HikariPool-1 - Starting...
2020-06-13 21:42:07,689 INFO com.zaxxer.hikari.HikariDataSource [main] HikariPool-1 - Start completed.
2020-06-13 21:42:07,881 INFO org.hibernate.jpa.internal.util.LogHelper [main] HHH000204: Processing PersistenceUnitInfo [
	name: default
	...]
2020-06-13 21:42:08,016 INFO org.hibernate.Version [main] HHH000412: Hibernate Core {5.3.10.Final}
2020-06-13 21:42:08,029 INFO org.hibernate.cfg.Environment [main] HHH000206: hibernate.properties not found
2020-06-13 21:42:08,345 INFO org.hibernate.annotations.common.reflection.java.JavaReflectionManager [main] HCANN000001: Hibernate Commons Annotations {5.0.4.Final}
2020-06-13 21:42:08,927 INFO org.hibernate.dialect.Dialect [main] HHH000400: Using dialect: org.hibernate.dialect.MySQL57Dialect
2020-06-13 21:42:09,390 WARN org.hibernate.boot.internal.InFlightMetadataCollectorImpl [main] HHH000069: Duplicate generator name dwara_seq_generator
2020-06-13 21:42:09,394 WARN org.hibernate.boot.internal.InFlightMetadataCollectorImpl [main] HHH000069: Duplicate generator name dwara_seq_generator
2020-06-13 21:42:09,400 WARN org.hibernate.boot.internal.InFlightMetadataCollectorImpl [main] HHH000069: Duplicate generator name dwara_seq_generator
2020-06-13 21:42:09,402 WARN org.hibernate.boot.internal.InFlightMetadataCollectorImpl [main] HHH000069: Duplicate generator name dwara_seq_generator
2020-06-13 21:42:09,407 WARN org.hibernate.boot.internal.InFlightMetadataCollectorImpl [main] HHH000069: Duplicate generator name dwara_seq_generator
2020-06-13 21:42:09,450 WARN org.hibernate.type.descriptor.java.JavaTypeDescriptorRegistry [main] HHH000481: Encountered Java type [class org.ishafoundation.dwaraapi.db.model.master.configuration.json.DeviceDetails] for which we could not locate a JavaTypeDescriptor and which does not appear to implement equals and/or hashCode.  This can lead to significant performance problems when performing equality/dirty checking involving this Java type.  Consider registering a custom JavaTypeDescriptor or at least implementing equals/hashCode.
2020-06-13 21:42:09,499 WARN org.hibernate.type.descriptor.java.JavaTypeDescriptorRegistry [main] HHH000481: Encountered Java type [class org.ishafoundation.dwaraapi.db.model.transactional.json.SubrequestDetails] for which we could not locate a JavaTypeDescriptor and which does not appear to implement equals and/or hashCode.  This can lead to significant performance problems when performing equality/dirty checking involving this Java type.  Consider registering a custom JavaTypeDescriptor or at least implementing equals/hashCode.
2020-06-13 21:42:09,506 WARN org.hibernate.type.descriptor.java.JavaTypeDescriptorRegistry [main] HHH000481: Encountered Java type [class org.ishafoundation.dwaraapi.db.model.transactional.json.VolumeDetails] for which we could not locate a JavaTypeDescriptor and which does not appear to implement equals and/or hashCode.  This can lead to significant performance problems when performing equality/dirty checking involving this Java type.  Consider registering a custom JavaTypeDescriptor or at least implementing equals/hashCode.
2020-06-13 21:42:20,156 INFO org.springframework.orm.jpa.AbstractEntityManagerFactoryBean [main] Initialized JPA EntityManagerFactory for persistence unit 'default'
2020-06-13 21:42:21,036 INFO org.hibernate.hql.internal.QueryTranslatorFactoryInitiator [main] HHH000397: Using ASTQueryTranslatorFactory
2020-06-13 21:42:22,485 INFO org.springframework.boot.autoconfigure.security.servlet.UserDetailsServiceAutoConfiguration [main] 

Using generated security password: 98edface-ed20-4378-826d-0b9b193b7c97

2020-06-13 21:42:22,928 INFO org.springframework.security.web.DefaultSecurityFilterChain [main] Creating filter chain: any request, [org.springframework.security.web.context.request.async.WebAsyncManagerIntegrationFilter@7f0b2bf1, org.springframework.security.web.context.SecurityContextPersistenceFilter@7acbd3d0, org.springframework.security.web.header.HeaderWriterFilter@1c2273f6, org.springframework.security.web.csrf.CsrfFilter@104e6540, org.springframework.security.web.authentication.logout.LogoutFilter@570089c4, org.springframework.security.web.authentication.UsernamePasswordAuthenticationFilter@8e100e7, org.springframework.security.web.authentication.ui.DefaultLoginPageGeneratingFilter@2eea0775, org.springframework.security.web.authentication.ui.DefaultLogoutPageGeneratingFilter@1a507ea0, org.springframework.security.web.authentication.www.BasicAuthenticationFilter@147ea894, org.springframework.security.web.savedrequest.RequestCacheAwareFilter@40e90634, org.springframework.security.web.servletapi.SecurityContextHolderAwareRequestFilter@4d25943d, org.springframework.security.web.authentication.AnonymousAuthenticationFilter@64a9fca7, org.springframework.security.web.session.SessionManagementFilter@4e58eda2, org.springframework.security.web.access.ExceptionTranslationFilter@655d5285, org.springframework.security.web.access.intercept.FilterSecurityInterceptor@361d169a]
2020-06-13 21:42:25,075 INFO org.springframework.orm.jpa.AbstractEntityManagerFactoryBean [Thread-2] Closing JPA EntityManagerFactory for persistence unit 'default'
2020-06-13 21:42:25,088 INFO com.zaxxer.hikari.HikariDataSource [Thread-2] HikariPool-1 - Shutdown initiated...
2020-06-13 21:42:25,135 INFO com.zaxxer.hikari.HikariDataSource [Thread-2] HikariPool-1 - Shutdown completed.
2020-06-13 21:45:59,110 INFO org.springframework.data.repository.config.RepositoryConfigurationDelegate [main] Bootstrapping Spring Data repositories in DEFAULT mode.
2020-06-13 21:45:59,569 INFO org.springframework.data.repository.config.RepositoryConfigurationDelegate [main] Finished Spring Data repository scanning in 438ms. Found 37 repository interfaces.
2020-06-13 21:46:00,843 INFO com.zaxxer.hikari.HikariDataSource [main] HikariPool-1 - Starting...
2020-06-13 21:46:01,200 INFO com.zaxxer.hikari.HikariDataSource [main] HikariPool-1 - Start completed.
2020-06-13 21:46:01,419 INFO org.hibernate.jpa.internal.util.LogHelper [main] HHH000204: Processing PersistenceUnitInfo [
	name: default
	...]
2020-06-13 21:46:01,553 INFO org.hibernate.Version [main] HHH000412: Hibernate Core {5.3.10.Final}
2020-06-13 21:46:01,561 INFO org.hibernate.cfg.Environment [main] HHH000206: hibernate.properties not found
2020-06-13 21:46:01,933 INFO org.hibernate.annotations.common.reflection.java.JavaReflectionManager [main] HCANN000001: Hibernate Commons Annotations {5.0.4.Final}
2020-06-13 21:46:02,509 INFO org.hibernate.dialect.Dialect [main] HHH000400: Using dialect: org.hibernate.dialect.MySQL57Dialect
2020-06-13 21:46:02,908 WARN org.hibernate.boot.internal.InFlightMetadataCollectorImpl [main] HHH000069: Duplicate generator name dwara_seq_generator
2020-06-13 21:46:02,913 WARN org.hibernate.boot.internal.InFlightMetadataCollectorImpl [main] HHH000069: Duplicate generator name dwara_seq_generator
2020-06-13 21:46:02,917 WARN org.hibernate.boot.internal.InFlightMetadataCollectorImpl [main] HHH000069: Duplicate generator name dwara_seq_generator
2020-06-13 21:46:02,920 WARN org.hibernate.boot.internal.InFlightMetadataCollectorImpl [main] HHH000069: Duplicate generator name dwara_seq_generator
2020-06-13 21:46:02,923 WARN org.hibernate.boot.internal.InFlightMetadataCollectorImpl [main] HHH000069: Duplicate generator name dwara_seq_generator
2020-06-13 21:46:02,984 WARN org.hibernate.type.descriptor.java.JavaTypeDescriptorRegistry [main] HHH000481: Encountered Java type [class org.ishafoundation.dwaraapi.db.model.master.configuration.json.DeviceDetails] for which we could not locate a JavaTypeDescriptor and which does not appear to implement equals and/or hashCode.  This can lead to significant performance problems when performing equality/dirty checking involving this Java type.  Consider registering a custom JavaTypeDescriptor or at least implementing equals/hashCode.
2020-06-13 21:46:03,018 WARN org.hibernate.type.descriptor.java.JavaTypeDescriptorRegistry [main] HHH000481: Encountered Java type [class org.ishafoundation.dwaraapi.db.model.transactional.json.SubrequestDetails] for which we could not locate a JavaTypeDescriptor and which does not appear to implement equals and/or hashCode.  This can lead to significant performance problems when performing equality/dirty checking involving this Java type.  Consider registering a custom JavaTypeDescriptor or at least implementing equals/hashCode.
2020-06-13 21:46:03,026 WARN org.hibernate.type.descriptor.java.JavaTypeDescriptorRegistry [main] HHH000481: Encountered Java type [class org.ishafoundation.dwaraapi.db.model.transactional.json.VolumeDetails] for which we could not locate a JavaTypeDescriptor and which does not appear to implement equals and/or hashCode.  This can lead to significant performance problems when performing equality/dirty checking involving this Java type.  Consider registering a custom JavaTypeDescriptor or at least implementing equals/hashCode.
2020-06-13 21:46:13,724 INFO org.springframework.orm.jpa.AbstractEntityManagerFactoryBean [main] Initialized JPA EntityManagerFactory for persistence unit 'default'
2020-06-13 21:46:14,685 INFO org.hibernate.hql.internal.QueryTranslatorFactoryInitiator [main] HHH000397: Using ASTQueryTranslatorFactory
2020-06-13 21:46:16,195 INFO org.springframework.boot.autoconfigure.security.servlet.UserDetailsServiceAutoConfiguration [main] 

Using generated security password: af5e0746-b585-4ec3-b0d1-9b2c1b76c184

2020-06-13 21:46:16,693 INFO org.springframework.security.web.DefaultSecurityFilterChain [main] Creating filter chain: any request, [org.springframework.security.web.context.request.async.WebAsyncManagerIntegrationFilter@28901fe7, org.springframework.security.web.context.SecurityContextPersistenceFilter@52cda4bd, org.springframework.security.web.header.HeaderWriterFilter@3f0c2eff, org.springframework.security.web.csrf.CsrfFilter@2c3f81ef, org.springframework.security.web.authentication.logout.LogoutFilter@3ba8fbc8, org.springframework.security.web.authentication.UsernamePasswordAuthenticationFilter@14d9ae22, org.springframework.security.web.authentication.ui.DefaultLoginPageGeneratingFilter@5bd191c2, org.springframework.security.web.authentication.ui.DefaultLogoutPageGeneratingFilter@289b7efe, org.springframework.security.web.authentication.www.BasicAuthenticationFilter@4ceb368b, org.springframework.security.web.savedrequest.RequestCacheAwareFilter@5a183fa6, org.springframework.security.web.servletapi.SecurityContextHolderAwareRequestFilter@2bef33e7, org.springframework.security.web.authentication.AnonymousAuthenticationFilter@34ac72c3, org.springframework.security.web.session.SessionManagementFilter@1e60890c, org.springframework.security.web.access.ExceptionTranslationFilter@3bbb3c84, org.springframework.security.web.access.intercept.FilterSecurityInterceptor@6b6cf3c1]
2020-06-13 21:46:50,466 INFO org.springframework.orm.jpa.AbstractEntityManagerFactoryBean [Thread-2] Closing JPA EntityManagerFactory for persistence unit 'default'
2020-06-13 21:46:50,475 INFO com.zaxxer.hikari.HikariDataSource [Thread-2] HikariPool-1 - Shutdown initiated...
2020-06-13 21:46:50,528 INFO com.zaxxer.hikari.HikariDataSource [Thread-2] HikariPool-1 - Shutdown completed.
2020-06-13 21:47:39,876 INFO org.springframework.orm.jpa.AbstractEntityManagerFactoryBean [Thread-2] Closing JPA EntityManagerFactory for persistence unit 'default'
2020-06-13 21:47:39,886 INFO com.zaxxer.hikari.HikariDataSource [Thread-2] HikariPool-1 - Shutdown initiated...
2020-06-13 21:47:39,923 INFO com.zaxxer.hikari.HikariDataSource [Thread-2] HikariPool-1 - Shutdown completed.
2020-06-13 21:48:36,789 INFO org.springframework.data.repository.config.RepositoryConfigurationDelegate [main] Bootstrapping Spring Data repositories in DEFAULT mode.
2020-06-13 21:48:37,143 INFO org.springframework.data.repository.config.RepositoryConfigurationDelegate [main] Finished Spring Data repository scanning in 333ms. Found 37 repository interfaces.
2020-06-13 21:48:38,169 INFO com.zaxxer.hikari.HikariDataSource [main] HikariPool-1 - Starting...
2020-06-13 21:48:38,478 INFO com.zaxxer.hikari.HikariDataSource [main] HikariPool-1 - Start completed.
2020-06-13 21:48:38,707 INFO org.hibernate.jpa.internal.util.LogHelper [main] HHH000204: Processing PersistenceUnitInfo [
	name: default
	...]
2020-06-13 21:48:38,834 INFO org.hibernate.Version [main] HHH000412: Hibernate Core {5.3.10.Final}
2020-06-13 21:48:38,839 INFO org.hibernate.cfg.Environment [main] HHH000206: hibernate.properties not found
2020-06-13 21:48:39,166 INFO org.hibernate.annotations.common.reflection.java.JavaReflectionManager [main] HCANN000001: Hibernate Commons Annotations {5.0.4.Final}
2020-06-13 21:48:39,870 INFO org.hibernate.dialect.Dialect [main] HHH000400: Using dialect: org.hibernate.dialect.MySQL57Dialect
2020-06-13 21:48:40,277 WARN org.hibernate.boot.internal.InFlightMetadataCollectorImpl [main] HHH000069: Duplicate generator name dwara_seq_generator
2020-06-13 21:48:40,281 WARN org.hibernate.boot.internal.InFlightMetadataCollectorImpl [main] HHH000069: Duplicate generator name dwara_seq_generator
2020-06-13 21:48:40,288 WARN org.hibernate.boot.internal.InFlightMetadataCollectorImpl [main] HHH000069: Duplicate generator name dwara_seq_generator
2020-06-13 21:48:40,289 WARN org.hibernate.boot.internal.InFlightMetadataCollectorImpl [main] HHH000069: Duplicate generator name dwara_seq_generator
2020-06-13 21:48:40,293 WARN org.hibernate.boot.internal.InFlightMetadataCollectorImpl [main] HHH000069: Duplicate generator name dwara_seq_generator
2020-06-13 21:48:40,347 WARN org.hibernate.type.descriptor.java.JavaTypeDescriptorRegistry [main] HHH000481: Encountered Java type [class org.ishafoundation.dwaraapi.db.model.master.configuration.json.DeviceDetails] for which we could not locate a JavaTypeDescriptor and which does not appear to implement equals and/or hashCode.  This can lead to significant performance problems when performing equality/dirty checking involving this Java type.  Consider registering a custom JavaTypeDescriptor or at least implementing equals/hashCode.
2020-06-13 21:48:40,390 WARN org.hibernate.type.descriptor.java.JavaTypeDescriptorRegistry [main] HHH000481: Encountered Java type [class org.ishafoundation.dwaraapi.db.model.transactional.json.SubrequestDetails] for which we could not locate a JavaTypeDescriptor and which does not appear to implement equals and/or hashCode.  This can lead to significant performance problems when performing equality/dirty checking involving this Java type.  Consider registering a custom JavaTypeDescriptor or at least implementing equals/hashCode.
2020-06-13 21:48:40,400 WARN org.hibernate.type.descriptor.java.JavaTypeDescriptorRegistry [main] HHH000481: Encountered Java type [class org.ishafoundation.dwaraapi.db.model.transactional.json.VolumeDetails] for which we could not locate a JavaTypeDescriptor and which does not appear to implement equals and/or hashCode.  This can lead to significant performance problems when performing equality/dirty checking involving this Java type.  Consider registering a custom JavaTypeDescriptor or at least implementing equals/hashCode.
2020-06-13 21:48:42,061 INFO org.springframework.orm.jpa.AbstractEntityManagerFactoryBean [main] Initialized JPA EntityManagerFactory for persistence unit 'default'
2020-06-13 21:48:42,900 INFO org.hibernate.hql.internal.QueryTranslatorFactoryInitiator [main] HHH000397: Using ASTQueryTranslatorFactory
2020-06-13 21:48:44,533 INFO org.springframework.boot.autoconfigure.security.servlet.UserDetailsServiceAutoConfiguration [main] 

Using generated security password: d86ae5c1-b484-4d8d-ae5c-3b9946f783d7

2020-06-13 21:48:44,981 INFO org.springframework.security.web.DefaultSecurityFilterChain [main] Creating filter chain: any request, [org.springframework.security.web.context.request.async.WebAsyncManagerIntegrationFilter@37aec9b, org.springframework.security.web.context.SecurityContextPersistenceFilter@1cd853ee, org.springframework.security.web.header.HeaderWriterFilter@5578ed7e, org.springframework.security.web.csrf.CsrfFilter@6f0df74, org.springframework.security.web.authentication.logout.LogoutFilter@381c826c, org.springframework.security.web.authentication.UsernamePasswordAuthenticationFilter@1300112e, org.springframework.security.web.authentication.ui.DefaultLoginPageGeneratingFilter@3b22bcad, org.springframework.security.web.authentication.ui.DefaultLogoutPageGeneratingFilter@34538ffe, org.springframework.security.web.authentication.www.BasicAuthenticationFilter@2b3ee95e, org.springframework.security.web.savedrequest.RequestCacheAwareFilter@22c14d10, org.springframework.security.web.servletapi.SecurityContextHolderAwareRequestFilter@58a5b69c, org.springframework.security.web.authentication.AnonymousAuthenticationFilter@7ae75ba6, org.springframework.security.web.session.SessionManagementFilter@158b8d10, org.springframework.security.web.access.ExceptionTranslationFilter@4b407ac7, org.springframework.security.web.access.intercept.FilterSecurityInterceptor@4fbdee7a]
2020-06-13 21:52:56,164 INFO org.hibernate.event.internal.DefaultLoadEventListener [main] HHH000327: Error performing load command : org.hibernate.PropertyAccessException: Null value was assigned to a property [class org.ishafoundation.dwaraapi.db.model.transactional.Volume.capacity] of primitive type setter of org.ishafoundation.dwaraapi.db.model.transactional.Volume.capacity
org.hibernate.PropertyAccessException: Null value was assigned to a property [class org.ishafoundation.dwaraapi.db.model.transactional.Volume.capacity] of primitive type setter of org.ishafoundation.dwaraapi.db.model.transactional.Volume.capacity
	at org.hibernate.property.access.spi.SetterFieldImpl.set(SetterFieldImpl.java:47)
	at org.hibernate.tuple.entity.AbstractEntityTuplizer.setPropertyValues(AbstractEntityTuplizer.java:649)
	at org.hibernate.tuple.entity.PojoEntityTuplizer.setPropertyValues(PojoEntityTuplizer.java:205)
	at org.hibernate.persister.entity.AbstractEntityPersister.setPropertyValues(AbstractEntityPersister.java:4907)
	at org.hibernate.engine.internal.TwoPhaseLoad.doInitializeEntity(TwoPhaseLoad.java:190)
	at org.hibernate.engine.internal.TwoPhaseLoad.initializeEntity(TwoPhaseLoad.java:129)
	at org.hibernate.loader.plan.exec.process.internal.AbstractRowReader.performTwoPhaseLoad(AbstractRowReader.java:238)
	at org.hibernate.loader.plan.exec.process.internal.AbstractRowReader.finishUp(AbstractRowReader.java:209)
	at org.hibernate.loader.plan.exec.process.internal.ResultSetProcessorImpl.extractResults(ResultSetProcessorImpl.java:133)
	at org.hibernate.loader.plan.exec.internal.AbstractLoadPlanBasedLoader.executeLoad(AbstractLoadPlanBasedLoader.java:122)
	at org.hibernate.loader.plan.exec.internal.AbstractLoadPlanBasedLoader.executeLoad(AbstractLoadPlanBasedLoader.java:86)
	at org.hibernate.loader.entity.plan.AbstractLoadPlanBasedEntityLoader.load(AbstractLoadPlanBasedEntityLoader.java:188)
	at org.hibernate.persister.entity.AbstractEntityPersister.load(AbstractEntityPersister.java:4273)
	at org.hibernate.event.internal.DefaultLoadEventListener.loadFromDatasource(DefaultLoadEventListener.java:511)
	at org.hibernate.event.internal.DefaultLoadEventListener.doLoad(DefaultLoadEventListener.java:481)
	at org.hibernate.event.internal.DefaultLoadEventListener.load(DefaultLoadEventListener.java:222)
	at org.hibernate.event.internal.DefaultLoadEventListener.proxyOrLoad(DefaultLoadEventListener.java:281)
	at org.hibernate.event.internal.DefaultLoadEventListener.doOnLoad(DefaultLoadEventListener.java:124)
	at org.hibernate.event.internal.DefaultLoadEventListener.onLoad(DefaultLoadEventListener.java:92)
	at org.hibernate.internal.SessionImpl.fireLoad(SessionImpl.java:1257)
	at org.hibernate.internal.SessionImpl.access$2000(SessionImpl.java:208)
	at org.hibernate.internal.SessionImpl$IdentifierLoadAccessImpl.doLoad(SessionImpl.java:2881)
	at org.hibernate.internal.SessionImpl$IdentifierLoadAccessImpl.load(SessionImpl.java:2855)
	at org.hibernate.internal.SessionImpl.find(SessionImpl.java:3490)
	at org.hibernate.internal.SessionImpl.find(SessionImpl.java:3459)
	at sun.reflect.NativeMethodAccessorImpl.invoke0(Native Method)
	at sun.reflect.NativeMethodAccessorImpl.invoke(NativeMethodAccessorImpl.java:62)
	at sun.reflect.DelegatingMethodAccessorImpl.invoke(DelegatingMethodAccessorImpl.java:43)
	at java.lang.reflect.Method.invoke(Method.java:498)
	at org.springframework.orm.jpa.SharedEntityManagerCreator$SharedEntityManagerInvocationHandler.invoke(SharedEntityManagerCreator.java:308)
	at com.sun.proxy.$Proxy92.find(Unknown Source)
	at org.springframework.data.jpa.repository.support.SimpleJpaRepository.findById(SimpleJpaRepository.java:241)
	at sun.reflect.NativeMethodAccessorImpl.invoke0(Native Method)
	at sun.reflect.NativeMethodAccessorImpl.invoke(NativeMethodAccessorImpl.java:62)
	at sun.reflect.DelegatingMethodAccessorImpl.invoke(DelegatingMethodAccessorImpl.java:43)
	at java.lang.reflect.Method.invoke(Method.java:498)
	at org.springframework.data.repository.core.support.RepositoryComposition$RepositoryFragments.invoke(RepositoryComposition.java:359)
	at org.springframework.data.repository.core.support.RepositoryComposition.invoke(RepositoryComposition.java:200)
	at org.springframework.data.repository.core.support.RepositoryFactorySupport$ImplementationMethodExecutionInterceptor.invoke(RepositoryFactorySupport.java:644)
	at org.springframework.aop.framework.ReflectiveMethodInvocation.proceed(ReflectiveMethodInvocation.java:186)
	at org.springframework.data.repository.core.support.RepositoryFactorySupport$QueryExecutorMethodInterceptor.doInvoke(RepositoryFactorySupport.java:608)
	at org.springframework.data.repository.core.support.RepositoryFactorySupport$QueryExecutorMethodInterceptor.lambda$invoke$3(RepositoryFactorySupport.java:595)
	at org.springframework.data.repository.core.support.RepositoryFactorySupport$QueryExecutorMethodInterceptor.invoke(RepositoryFactorySupport.java:595)
	at org.springframework.aop.framework.ReflectiveMethodInvocation.proceed(ReflectiveMethodInvocation.java:186)
	at org.springframework.data.projection.DefaultMethodInvokingMethodInterceptor.invoke(DefaultMethodInvokingMethodInterceptor.java:59)
	at org.springframework.aop.framework.ReflectiveMethodInvocation.proceed(ReflectiveMethodInvocation.java:186)
	at org.springframework.transaction.interceptor.TransactionAspectSupport.invokeWithinTransaction(TransactionAspectSupport.java:295)
	at org.springframework.transaction.interceptor.TransactionInterceptor.invoke(TransactionInterceptor.java:98)
	at org.springframework.aop.framework.ReflectiveMethodInvocation.proceed(ReflectiveMethodInvocation.java:186)
	at org.springframework.dao.support.PersistenceExceptionTranslationInterceptor.invoke(PersistenceExceptionTranslationInterceptor.java:139)
	at org.springframework.aop.framework.ReflectiveMethodInvocation.proceed(ReflectiveMethodInvocation.java:186)
	at org.springframework.data.jpa.repository.support.CrudMethodMetadataPostProcessor$CrudMethodMetadataPopulatingMethodInterceptor.invoke(CrudMethodMetadataPostProcessor.java:138)
	at org.springframework.aop.framework.ReflectiveMethodInvocation.proceed(ReflectiveMethodInvocation.java:186)
	at org.springframework.aop.interceptor.ExposeInvocationInterceptor.invoke(ExposeInvocationInterceptor.java:93)
	at org.springframework.aop.framework.ReflectiveMethodInvocation.proceed(ReflectiveMethodInvocation.java:186)
	at org.springframework.data.repository.core.support.SurroundingTransactionDetectorMethodInterceptor.invoke(SurroundingTransactionDetectorMethodInterceptor.java:61)
	at org.springframework.aop.framework.ReflectiveMethodInvocation.proceed(ReflectiveMethodInvocation.java:186)
	at org.springframework.aop.framework.JdkDynamicAopProxy.invoke(JdkDynamicAopProxy.java:212)
	at com.sun.proxy.$Proxy110.findById(Unknown Source)
	at org.ishafoundation.dwaraapi.storage.storagetype.StoragetypeManager.groupAllPendingJobsOnStorageType(StoragetypeManager.java:54)
	at org.ishafoundation.dwaraapi.storage.storagetype.StoragetypeManager.process(StoragetypeManager.java:38)
	at org.ishafoundation.dwaraapi.job.JobManager.processJobs(JobManager.java:105)
	at org.ishafoundation.dwaraapi.job.JobManagerTest.test_Process(JobManagerTest.java:26)
	at sun.reflect.NativeMethodAccessorImpl.invoke0(Native Method)
	at sun.reflect.NativeMethodAccessorImpl.invoke(NativeMethodAccessorImpl.java:62)
	at sun.reflect.DelegatingMethodAccessorImpl.invoke(DelegatingMethodAccessorImpl.java:43)
	at java.lang.reflect.Method.invoke(Method.java:498)
	at org.junit.runners.model.FrameworkMethod$1.runReflectiveCall(FrameworkMethod.java:59)
	at org.junit.internal.runners.model.ReflectiveCallable.run(ReflectiveCallable.java:12)
	at org.junit.runners.model.FrameworkMethod.invokeExplosively(FrameworkMethod.java:56)
	at org.junit.internal.runners.statements.InvokeMethod.evaluate(InvokeMethod.java:17)
	at org.springframework.test.context.junit4.statements.RunBeforeTestExecutionCallbacks.evaluate(RunBeforeTestExecutionCallbacks.java:74)
	at org.springframework.test.context.junit4.statements.RunAfterTestExecutionCallbacks.evaluate(RunAfterTestExecutionCallbacks.java:84)
	at org.springframework.test.context.junit4.statements.RunBeforeTestMethodCallbacks.evaluate(RunBeforeTestMethodCallbacks.java:75)
	at org.springframework.test.context.junit4.statements.RunAfterTestMethodCallbacks.evaluate(RunAfterTestMethodCallbacks.java:86)
	at org.springframework.test.context.junit4.statements.SpringRepeat.evaluate(SpringRepeat.java:84)
	at org.junit.runners.ParentRunner.runLeaf(ParentRunner.java:366)
	at org.springframework.test.context.junit4.SpringJUnit4ClassRunner.runChild(SpringJUnit4ClassRunner.java:251)
	at org.springframework.test.context.junit4.SpringJUnit4ClassRunner.runChild(SpringJUnit4ClassRunner.java:97)
	at org.junit.runners.ParentRunner$4.run(ParentRunner.java:331)
	at org.junit.runners.ParentRunner$1.schedule(ParentRunner.java:79)
	at org.junit.runners.ParentRunner.runChildren(ParentRunner.java:329)
	at org.junit.runners.ParentRunner.access$100(ParentRunner.java:66)
	at org.junit.runners.ParentRunner$2.evaluate(ParentRunner.java:293)
	at org.springframework.test.context.junit4.statements.RunBeforeTestClassCallbacks.evaluate(RunBeforeTestClassCallbacks.java:61)
	at org.springframework.test.context.junit4.statements.RunAfterTestClassCallbacks.evaluate(RunAfterTestClassCallbacks.java:70)
	at org.junit.runners.ParentRunner$3.evaluate(ParentRunner.java:306)
	at org.junit.runners.ParentRunner.run(ParentRunner.java:413)
	at org.springframework.test.context.junit4.SpringJUnit4ClassRunner.run(SpringJUnit4ClassRunner.java:190)
	at org.eclipse.jdt.internal.junit4.runner.JUnit4TestReference.run(JUnit4TestReference.java:89)
	at org.eclipse.jdt.internal.junit.runner.TestExecution.run(TestExecution.java:41)
	at org.eclipse.jdt.internal.junit.runner.RemoteTestRunner.runTests(RemoteTestRunner.java:541)
	at org.eclipse.jdt.internal.junit.runner.RemoteTestRunner.runTests(RemoteTestRunner.java:763)
	at org.eclipse.jdt.internal.junit.runner.RemoteTestRunner.run(RemoteTestRunner.java:463)
	at org.eclipse.jdt.internal.junit.runner.RemoteTestRunner.main(RemoteTestRunner.java:209)
Caused by: java.lang.IllegalArgumentException: Can not set long field org.ishafoundation.dwaraapi.db.model.transactional.Volume.capacity to null value
	at sun.reflect.UnsafeFieldAccessorImpl.throwSetIllegalArgumentException(UnsafeFieldAccessorImpl.java:167)
	at sun.reflect.UnsafeFieldAccessorImpl.throwSetIllegalArgumentException(UnsafeFieldAccessorImpl.java:171)
	at sun.reflect.UnsafeLongFieldAccessorImpl.set(UnsafeLongFieldAccessorImpl.java:80)
	at java.lang.reflect.Field.set(Field.java:764)
	at org.hibernate.property.access.spi.SetterFieldImpl.set(SetterFieldImpl.java:41)
	... 94 common frames omitted
2020-06-13 21:54:02,716 INFO org.springframework.orm.jpa.AbstractEntityManagerFactoryBean [Thread-2] Closing JPA EntityManagerFactory for persistence unit 'default'
2020-06-13 21:54:02,723 INFO com.zaxxer.hikari.HikariDataSource [Thread-2] HikariPool-1 - Shutdown initiated...
2020-06-13 21:54:02,775 INFO com.zaxxer.hikari.HikariDataSource [Thread-2] HikariPool-1 - Shutdown completed.
2020-06-13 22:05:15,136 INFO org.springframework.data.repository.config.RepositoryConfigurationDelegate [main] Bootstrapping Spring Data repositories in DEFAULT mode.
2020-06-13 22:05:15,609 INFO org.springframework.data.repository.config.RepositoryConfigurationDelegate [main] Finished Spring Data repository scanning in 451ms. Found 37 repository interfaces.
2020-06-13 22:05:16,697 INFO com.zaxxer.hikari.HikariDataSource [main] HikariPool-1 - Starting...
2020-06-13 22:05:17,019 INFO com.zaxxer.hikari.HikariDataSource [main] HikariPool-1 - Start completed.
2020-06-13 22:05:17,218 INFO org.hibernate.jpa.internal.util.LogHelper [main] HHH000204: Processing PersistenceUnitInfo [
	name: default
	...]
2020-06-13 22:05:17,369 INFO org.hibernate.Version [main] HHH000412: Hibernate Core {5.3.10.Final}
2020-06-13 22:05:17,371 INFO org.hibernate.cfg.Environment [main] HHH000206: hibernate.properties not found
2020-06-13 22:05:17,741 INFO org.hibernate.annotations.common.reflection.java.JavaReflectionManager [main] HCANN000001: Hibernate Commons Annotations {5.0.4.Final}
2020-06-13 22:05:18,398 INFO org.hibernate.dialect.Dialect [main] HHH000400: Using dialect: org.hibernate.dialect.MySQL57Dialect
2020-06-13 22:05:18,813 WARN org.hibernate.boot.internal.InFlightMetadataCollectorImpl [main] HHH000069: Duplicate generator name dwara_seq_generator
2020-06-13 22:05:18,818 WARN org.hibernate.boot.internal.InFlightMetadataCollectorImpl [main] HHH000069: Duplicate generator name dwara_seq_generator
2020-06-13 22:05:18,823 WARN org.hibernate.boot.internal.InFlightMetadataCollectorImpl [main] HHH000069: Duplicate generator name dwara_seq_generator
2020-06-13 22:05:18,825 WARN org.hibernate.boot.internal.InFlightMetadataCollectorImpl [main] HHH000069: Duplicate generator name dwara_seq_generator
2020-06-13 22:05:18,829 WARN org.hibernate.boot.internal.InFlightMetadataCollectorImpl [main] HHH000069: Duplicate generator name dwara_seq_generator
2020-06-13 22:05:18,886 WARN org.hibernate.type.descriptor.java.JavaTypeDescriptorRegistry [main] HHH000481: Encountered Java type [class org.ishafoundation.dwaraapi.db.model.master.configuration.json.DeviceDetails] for which we could not locate a JavaTypeDescriptor and which does not appear to implement equals and/or hashCode.  This can lead to significant performance problems when performing equality/dirty checking involving this Java type.  Consider registering a custom JavaTypeDescriptor or at least implementing equals/hashCode.
2020-06-13 22:05:18,937 WARN org.hibernate.type.descriptor.java.JavaTypeDescriptorRegistry [main] HHH000481: Encountered Java type [class org.ishafoundation.dwaraapi.db.model.transactional.json.SubrequestDetails] for which we could not locate a JavaTypeDescriptor and which does not appear to implement equals and/or hashCode.  This can lead to significant performance problems when performing equality/dirty checking involving this Java type.  Consider registering a custom JavaTypeDescriptor or at least implementing equals/hashCode.
2020-06-13 22:05:18,944 WARN org.hibernate.type.descriptor.java.JavaTypeDescriptorRegistry [main] HHH000481: Encountered Java type [class org.ishafoundation.dwaraapi.db.model.transactional.json.VolumeDetails] for which we could not locate a JavaTypeDescriptor and which does not appear to implement equals and/or hashCode.  This can lead to significant performance problems when performing equality/dirty checking involving this Java type.  Consider registering a custom JavaTypeDescriptor or at least implementing equals/hashCode.
2020-06-13 22:05:20,589 INFO org.springframework.orm.jpa.AbstractEntityManagerFactoryBean [main] Initialized JPA EntityManagerFactory for persistence unit 'default'
2020-06-13 22:05:21,450 INFO org.hibernate.hql.internal.QueryTranslatorFactoryInitiator [main] HHH000397: Using ASTQueryTranslatorFactory
2020-06-13 22:05:22,945 INFO org.springframework.boot.autoconfigure.security.servlet.UserDetailsServiceAutoConfiguration [main] 

Using generated security password: 7fa93a6b-7c7d-4610-81b3-1123693de10e

2020-06-13 22:05:23,322 INFO org.springframework.security.web.DefaultSecurityFilterChain [main] Creating filter chain: any request, [org.springframework.security.web.context.request.async.WebAsyncManagerIntegrationFilter@6bf2ecbb, org.springframework.security.web.context.SecurityContextPersistenceFilter@154cbb46, org.springframework.security.web.header.HeaderWriterFilter@1b641c97, org.springframework.security.web.csrf.CsrfFilter@5c450960, org.springframework.security.web.authentication.logout.LogoutFilter@2a41d17a, org.springframework.security.web.authentication.UsernamePasswordAuthenticationFilter@496e2bdd, org.springframework.security.web.authentication.ui.DefaultLoginPageGeneratingFilter@38276668, org.springframework.security.web.authentication.ui.DefaultLogoutPageGeneratingFilter@1300112e, org.springframework.security.web.authentication.www.BasicAuthenticationFilter@4fbdee7a, org.springframework.security.web.savedrequest.RequestCacheAwareFilter@299615a5, org.springframework.security.web.servletapi.SecurityContextHolderAwareRequestFilter@66be0e72, org.springframework.security.web.authentication.AnonymousAuthenticationFilter@5955568, org.springframework.security.web.session.SessionManagementFilter@106c3e0a, org.springframework.security.web.access.ExceptionTranslationFilter@2719139f, org.springframework.security.web.access.intercept.FilterSecurityInterceptor@5b908c6d]
2020-06-13 22:13:54,996 INFO org.springframework.orm.jpa.AbstractEntityManagerFactoryBean [Thread-2] Closing JPA EntityManagerFactory for persistence unit 'default'
2020-06-13 22:13:55,000 INFO com.zaxxer.hikari.HikariDataSource [Thread-2] HikariPool-1 - Shutdown initiated...
2020-06-13 22:13:55,025 INFO com.zaxxer.hikari.HikariDataSource [Thread-2] HikariPool-1 - Shutdown completed.
2020-06-13 22:14:23,726 INFO org.springframework.data.repository.config.RepositoryConfigurationDelegate [main] Bootstrapping Spring Data repositories in DEFAULT mode.
2020-06-13 22:14:24,148 INFO org.springframework.data.repository.config.RepositoryConfigurationDelegate [main] Finished Spring Data repository scanning in 407ms. Found 37 repository interfaces.
2020-06-13 22:14:25,208 INFO com.zaxxer.hikari.HikariDataSource [main] HikariPool-1 - Starting...
2020-06-13 22:14:25,515 INFO com.zaxxer.hikari.HikariDataSource [main] HikariPool-1 - Start completed.
2020-06-13 22:14:25,739 INFO org.hibernate.jpa.internal.util.LogHelper [main] HHH000204: Processing PersistenceUnitInfo [
	name: default
	...]
2020-06-13 22:14:25,880 INFO org.hibernate.Version [main] HHH000412: Hibernate Core {5.3.10.Final}
2020-06-13 22:14:25,887 INFO org.hibernate.cfg.Environment [main] HHH000206: hibernate.properties not found
2020-06-13 22:14:26,201 INFO org.hibernate.annotations.common.reflection.java.JavaReflectionManager [main] HCANN000001: Hibernate Commons Annotations {5.0.4.Final}
2020-06-13 22:14:26,930 INFO org.hibernate.dialect.Dialect [main] HHH000400: Using dialect: org.hibernate.dialect.MySQL57Dialect
2020-06-13 22:14:27,355 WARN org.hibernate.boot.internal.InFlightMetadataCollectorImpl [main] HHH000069: Duplicate generator name dwara_seq_generator
2020-06-13 22:14:27,359 WARN org.hibernate.boot.internal.InFlightMetadataCollectorImpl [main] HHH000069: Duplicate generator name dwara_seq_generator
2020-06-13 22:14:27,365 WARN org.hibernate.boot.internal.InFlightMetadataCollectorImpl [main] HHH000069: Duplicate generator name dwara_seq_generator
2020-06-13 22:14:27,368 WARN org.hibernate.boot.internal.InFlightMetadataCollectorImpl [main] HHH000069: Duplicate generator name dwara_seq_generator
2020-06-13 22:14:27,371 WARN org.hibernate.boot.internal.InFlightMetadataCollectorImpl [main] HHH000069: Duplicate generator name dwara_seq_generator
2020-06-13 22:14:27,429 WARN org.hibernate.type.descriptor.java.JavaTypeDescriptorRegistry [main] HHH000481: Encountered Java type [class org.ishafoundation.dwaraapi.db.model.master.configuration.json.DeviceDetails] for which we could not locate a JavaTypeDescriptor and which does not appear to implement equals and/or hashCode.  This can lead to significant performance problems when performing equality/dirty checking involving this Java type.  Consider registering a custom JavaTypeDescriptor or at least implementing equals/hashCode.
2020-06-13 22:14:27,477 WARN org.hibernate.type.descriptor.java.JavaTypeDescriptorRegistry [main] HHH000481: Encountered Java type [class org.ishafoundation.dwaraapi.db.model.transactional.json.SubrequestDetails] for which we could not locate a JavaTypeDescriptor and which does not appear to implement equals and/or hashCode.  This can lead to significant performance problems when performing equality/dirty checking involving this Java type.  Consider registering a custom JavaTypeDescriptor or at least implementing equals/hashCode.
2020-06-13 22:14:27,480 WARN org.hibernate.type.descriptor.java.JavaTypeDescriptorRegistry [main] HHH000481: Encountered Java type [class org.ishafoundation.dwaraapi.db.model.transactional.json.VolumeDetails] for which we could not locate a JavaTypeDescriptor and which does not appear to implement equals and/or hashCode.  This can lead to significant performance problems when performing equality/dirty checking involving this Java type.  Consider registering a custom JavaTypeDescriptor or at least implementing equals/hashCode.
2020-06-13 22:14:28,997 INFO org.springframework.orm.jpa.AbstractEntityManagerFactoryBean [main] Initialized JPA EntityManagerFactory for persistence unit 'default'
2020-06-13 22:14:29,760 INFO org.hibernate.hql.internal.QueryTranslatorFactoryInitiator [main] HHH000397: Using ASTQueryTranslatorFactory
2020-06-13 22:14:31,253 INFO org.springframework.boot.autoconfigure.security.servlet.UserDetailsServiceAutoConfiguration [main] 

Using generated security password: 7d9145fa-651f-44c8-a534-de027f0b73cb

2020-06-13 22:14:31,603 INFO org.springframework.security.web.DefaultSecurityFilterChain [main] Creating filter chain: any request, [org.springframework.security.web.context.request.async.WebAsyncManagerIntegrationFilter@4d86f330, org.springframework.security.web.context.SecurityContextPersistenceFilter@5bd191c2, org.springframework.security.web.header.HeaderWriterFilter@4b477121, org.springframework.security.web.csrf.CsrfFilter@15ab0461, org.springframework.security.web.authentication.logout.LogoutFilter@5ab1107d, org.springframework.security.web.authentication.UsernamePasswordAuthenticationFilter@37806ccb, org.springframework.security.web.authentication.ui.DefaultLoginPageGeneratingFilter@6bb46040, org.springframework.security.web.authentication.ui.DefaultLogoutPageGeneratingFilter@1e8b0ab5, org.springframework.security.web.authentication.www.BasicAuthenticationFilter@46c093b4, org.springframework.security.web.savedrequest.RequestCacheAwareFilter@56afbace, org.springframework.security.web.servletapi.SecurityContextHolderAwareRequestFilter@3b446d7, org.springframework.security.web.authentication.AnonymousAuthenticationFilter@7ef34eb3, org.springframework.security.web.session.SessionManagementFilter@752e50c6, org.springframework.security.web.access.ExceptionTranslationFilter@273e622f, org.springframework.security.web.access.intercept.FilterSecurityInterceptor@57f1fbae]
2020-06-13 22:17:10,228 INFO org.springframework.orm.jpa.AbstractEntityManagerFactoryBean [Thread-2] Closing JPA EntityManagerFactory for persistence unit 'default'
2020-06-13 22:17:10,233 INFO com.zaxxer.hikari.HikariDataSource [Thread-2] HikariPool-1 - Shutdown initiated...
2020-06-13 22:17:10,261 INFO com.zaxxer.hikari.HikariDataSource [Thread-2] HikariPool-1 - Shutdown completed.
